     agrCtlRSSI: -56
     agrExtRSSI: 0
    agrCtlNoise: -95
    agrExtNoise: 0
          state: running
        op mode: station 
     lastTxRate: 36
        maxRate: 54
lastAssocStatus: 0
    802.11 auth: open
      link auth: none
          BSSID: 0:3a:9a:90:df:0
           SSID: LINCS
            MCS: -1
        channel: 9
     agrCtlRSSI: -56
     agrExtRSSI: 0
    agrCtlNoise: -97
    agrExtNoise: 0
          state: running
        op mode: station 
     lastTxRate: 36
        maxRate: 54
lastAssocStatus: 0
    802.11 auth: open
      link auth: none
          BSSID: 0:3a:9a:90:df:0
           SSID: LINCS
            MCS: -1
        channel: 9
     agrCtlRSSI: -58
     agrExtRSSI: 0
    agrCtlNoise: -101
    agrExtNoise: 0
          state: running
        op mode: station 
     lastTxRate: 48
        maxRate: 54
lastAssocStatus: 0
    802.11 auth: open
      link auth: none
          BSSID: 0:3a:9a:90:df:0
           SSID: LINCS
            MCS: -1
        channel: 9
     agrCtlRSSI: -57
     agrExtRSSI: 0
    agrCtlNoise: -100
    agrExtNoise: 0
          state: running
        op mode: station 
     lastTxRate: 11
        maxRate: 54
lastAssocStatus: 0
    802.11 auth: open
      link auth: none
          BSSID: 0:3a:9a:90:df:0
           SSID: LINCS
            MCS: -1
        channel: 9
     agrCtlRSSI: -57
     agrExtRSSI: 0
    agrCtlNoise: -101
    agrExtNoise: 0
          state: running
        op mode: station 
     lastTxRate: 24
        maxRate: 54
lastAssocStatus: 0
    802.11 auth: open
      link auth: none
          BSSID: 0:3a:9a:90:df:0
           SSID: LINCS
            MCS: -1
        channel: 9
     agrCtlRSSI: -56
     agrExtRSSI: 0
    agrCtlNoise: -101
    agrExtNoise: 0
          state: running
        op mode: station 
     lastTxRate: 11
        maxRate: 54
lastAssocStatus: 0
    802.11 auth: open
      link auth: none
          BSSID: 0:3a:9a:90:df:0
           SSID: LINCS
            MCS: -1
        channel: 9
     agrCtlRSSI: -59
     agrExtRSSI: 0
    agrCtlNoise: -87
    agrExtNoise: 0
          state: running
        op mode: station 
     lastTxRate: 11
        maxRate: 54
lastAssocStatus: 0
    802.11 auth: open
      link auth: none
          BSSID: 0:3a:9a:90:df:0
           SSID: LINCS
            MCS: -1
        channel: 9
     agrCtlRSSI: -59
     agrExtRSSI: 0
    agrCtlNoise: -100
    agrExtNoise: 0
          state: running
        op mode: station 
     lastTxRate: 11
        maxRate: 54
lastAssocStatus: 0
    802.11 auth: open
      link auth: none
          BSSID: 0:3a:9a:90:df:0
           SSID: LINCS
            MCS: -1
        channel: 9
     agrCtlRSSI: -59
     agrExtRSSI: 0
    agrCtlNoise: -101
    agrExtNoise: 0
          state: running
        op mode: station 
     lastTxRate: 11
        maxRate: 54
lastAssocStatus: 0
    802.11 auth: open
      link auth: none
          BSSID: 0:3a:9a:90:df:0
           SSID: LINCS
            MCS: -1
        channel: 9
     agrCtlRSSI: -56
     agrExtRSSI: 0
    agrCtlNoise: -97
    agrExtNoise: 0
          state: running
        op mode: station 
     lastTxRate: 11
        maxRate: 54
lastAssocStatus: 0
    802.11 auth: open
      link auth: none
          BSSID: 0:3a:9a:90:df:0
           SSID: LINCS
            MCS: -1
        channel: 9
     agrCtlRSSI: -56
     agrExtRSSI: 0
    agrCtlNoise: -98
    agrExtNoise: 0
          state: running
        op mode: station 
     lastTxRate: 11
        maxRate: 54
lastAssocStatus: 0
    802.11 auth: open
      link auth: none
          BSSID: 0:3a:9a:90:df:0
           SSID: LINCS
            MCS: -1
        channel: 9
     agrCtlRSSI: -57
     agrExtRSSI: 0
    agrCtlNoise: -99
    agrExtNoise: 0
          state: running
        op mode: station 
     lastTxRate: 54
        maxRate: 54
lastAssocStatus: 0
    802.11 auth: open
      link auth: none
          BSSID: 0:3a:9a:90:df:0
           SSID: LINCS
            MCS: -1
        channel: 9
     agrCtlRSSI: -56
     agrExtRSSI: 0
    agrCtlNoise: -101
    agrExtNoise: 0
          state: running
        op mode: station 
     lastTxRate: 11
        maxRate: 54
lastAssocStatus: 0
    802.11 auth: open
      link auth: none
          BSSID: 0:3a:9a:90:df:0
           SSID: LINCS
            MCS: -1
        channel: 9
     agrCtlRSSI: -56
     agrExtRSSI: 0
    agrCtlNoise: -99
    agrExtNoise: 0
          state: running
        op mode: station 
     lastTxRate: 11
        maxRate: 54
lastAssocStatus: 0
    802.11 auth: open
      link auth: none
          BSSID: 0:3a:9a:90:df:0
           SSID: LINCS
            MCS: -1
        channel: 9
     agrCtlRSSI: -57
     agrExtRSSI: 0
    agrCtlNoise: -98
    agrExtNoise: 0
          state: running
        op mode: station 
     lastTxRate: 18
        maxRate: 54
lastAssocStatus: 0
    802.11 auth: open
      link auth: none
          BSSID: 0:3a:9a:90:df:0
           SSID: LINCS
            MCS: -1
        channel: 9
     agrCtlRSSI: -57
     agrExtRSSI: 0
    agrCtlNoise: -96
    agrExtNoise: 0
          state: running
        op mode: station 
     lastTxRate: 11
        maxRate: 54
lastAssocStatus: 0
    802.11 auth: open
      link auth: none
          BSSID: 0:3a:9a:90:df:0
           SSID: LINCS
            MCS: -1
        channel: 9
     agrCtlRSSI: -57
     agrExtRSSI: 0
    agrCtlNoise: -101
    agrExtNoise: 0
          state: running
        op mode: station 
     lastTxRate: 5
        maxRate: 54
lastAssocStatus: 0
    802.11 auth: open
      link auth: none
          BSSID: 0:3a:9a:90:df:0
           SSID: LINCS
            MCS: -1
        channel: 9
     agrCtlRSSI: -57
     agrExtRSSI: 0
    agrCtlNoise: -101
    agrExtNoise: 0
          state: running
        op mode: station 
     lastTxRate: 11
        maxRate: 54
lastAssocStatus: 0
    802.11 auth: open
      link auth: none
          BSSID: 0:3a:9a:90:df:0
           SSID: LINCS
            MCS: -1
        channel: 9
     agrCtlRSSI: -55
     agrExtRSSI: 0
    agrCtlNoise: -95
    agrExtNoise: 0
          state: running
        op mode: station 
     lastTxRate: 48
        maxRate: 54
lastAssocStatus: 0
    802.11 auth: open
      link auth: none
          BSSID: 0:3a:9a:90:df:0
           SSID: LINCS
            MCS: -1
        channel: 9
     agrCtlRSSI: -55
     agrExtRSSI: 0
    agrCtlNoise: -100
    agrExtNoise: 0
          state: running
        op mode: station 
     lastTxRate: 36
        maxRate: 54
lastAssocStatus: 0
    802.11 auth: open
      link auth: none
          BSSID: 0:3a:9a:90:df:0
           SSID: LINCS
            MCS: -1
        channel: 9
     agrCtlRSSI: -54
     agrExtRSSI: 0
    agrCtlNoise: -95
    agrExtNoise: 0
          state: running
        op mode: station 
     lastTxRate: 48
        maxRate: 54
lastAssocStatus: 0
    802.11 auth: open
      link auth: none
          BSSID: 0:3a:9a:90:df:0
           SSID: LINCS
            MCS: -1
        channel: 9
