     agrCtlRSSI: -48
     agrExtRSSI: 0
    agrCtlNoise: -99
    agrExtNoise: 0
          state: running
        op mode: station 
     lastTxRate: 195
        maxRate: 289
lastAssocStatus: 0
    802.11 auth: open
      link auth: wpa2
          BSSID: 4:62:73:41:7e:eb
           SSID: INRIA-interne
            MCS: 7
        channel: 36
     agrCtlRSSI: -48
     agrExtRSSI: 0
    agrCtlNoise: -99
    agrExtNoise: 0
          state: running
        op mode: station 
     lastTxRate: 195
        maxRate: 289
lastAssocStatus: 0
    802.11 auth: open
      link auth: wpa2
          BSSID: 4:62:73:41:7e:eb
           SSID: INRIA-interne
            MCS: 7
        channel: 36
     agrCtlRSSI: -47
     agrExtRSSI: 0
    agrCtlNoise: -99
    agrExtNoise: 0
          state: running
        op mode: station 
     lastTxRate: 195
        maxRate: 289
lastAssocStatus: 0
    802.11 auth: open
      link auth: wpa2
          BSSID: 4:62:73:41:7e:eb
           SSID: INRIA-interne
            MCS: 7
        channel: 36
     agrCtlRSSI: -48
     agrExtRSSI: 0
    agrCtlNoise: -99
    agrExtNoise: 0
          state: running
        op mode: station 
     lastTxRate: 195
        maxRate: 289
lastAssocStatus: 0
    802.11 auth: open
      link auth: wpa2
          BSSID: 4:62:73:41:7e:eb
           SSID: INRIA-interne
            MCS: 7
        channel: 36
     agrCtlRSSI: -44
     agrExtRSSI: 0
    agrCtlNoise: -99
    agrExtNoise: 0
          state: running
        op mode: station 
     lastTxRate: 195
        maxRate: 289
lastAssocStatus: 0
    802.11 auth: open
      link auth: wpa2
          BSSID: 4:62:73:41:7e:eb
           SSID: INRIA-interne
            MCS: 7
        channel: 36
     agrCtlRSSI: -44
     agrExtRSSI: 0
    agrCtlNoise: -99
    agrExtNoise: 0
          state: running
        op mode: station 
     lastTxRate: 195
        maxRate: 289
lastAssocStatus: 0
    802.11 auth: open
      link auth: wpa2
          BSSID: 4:62:73:41:7e:eb
           SSID: INRIA-interne
            MCS: 7
        channel: 36
     agrCtlRSSI: -48
     agrExtRSSI: 0
    agrCtlNoise: -99
    agrExtNoise: 0
          state: running
        op mode: station 
     lastTxRate: 195
        maxRate: 289
lastAssocStatus: 0
    802.11 auth: open
      link auth: wpa2
          BSSID: 4:62:73:41:7e:eb
           SSID: INRIA-interne
            MCS: 7
        channel: 36
     agrCtlRSSI: -48
     agrExtRSSI: 0
    agrCtlNoise: -99
    agrExtNoise: 0
          state: running
        op mode: station 
     lastTxRate: 195
        maxRate: 289
lastAssocStatus: 0
    802.11 auth: open
      link auth: wpa2
          BSSID: 4:62:73:41:7e:eb
           SSID: INRIA-interne
            MCS: 7
        channel: 36
     agrCtlRSSI: -44
     agrExtRSSI: 0
    agrCtlNoise: -99
    agrExtNoise: 0
          state: running
        op mode: station 
     lastTxRate: 195
        maxRate: 289
lastAssocStatus: 0
    802.11 auth: open
      link auth: wpa2
          BSSID: 4:62:73:41:7e:eb
           SSID: INRIA-interne
            MCS: 7
        channel: 36
     agrCtlRSSI: -42
     agrExtRSSI: 0
    agrCtlNoise: -99
    agrExtNoise: 0
          state: running
        op mode: station 
     lastTxRate: 195
        maxRate: 289
lastAssocStatus: 0
    802.11 auth: open
      link auth: wpa2
          BSSID: 4:62:73:41:7e:eb
           SSID: INRIA-interne
            MCS: 7
        channel: 36
     agrCtlRSSI: -42
     agrExtRSSI: 0
    agrCtlNoise: -96
    agrExtNoise: 0
          state: running
        op mode: station 
     lastTxRate: 195
        maxRate: 289
lastAssocStatus: 0
    802.11 auth: open
      link auth: wpa2
          BSSID: 4:62:73:41:7e:eb
           SSID: INRIA-interne
            MCS: 7
        channel: 36
     agrCtlRSSI: -43
     agrExtRSSI: 0
    agrCtlNoise: -99
    agrExtNoise: 0
          state: running
        op mode: station 
     lastTxRate: 195
        maxRate: 289
lastAssocStatus: 0
    802.11 auth: open
      link auth: wpa2
          BSSID: 4:62:73:41:7e:eb
           SSID: INRIA-interne
            MCS: 7
        channel: 36
     agrCtlRSSI: -42
     agrExtRSSI: 0
    agrCtlNoise: -99
    agrExtNoise: 0
          state: running
        op mode: station 
     lastTxRate: 195
        maxRate: 289
lastAssocStatus: 0
    802.11 auth: open
      link auth: wpa2
          BSSID: 4:62:73:41:7e:eb
           SSID: INRIA-interne
            MCS: 7
        channel: 36
     agrCtlRSSI: -42
     agrExtRSSI: 0
    agrCtlNoise: -99
    agrExtNoise: 0
          state: running
        op mode: station 
     lastTxRate: 195
        maxRate: 289
lastAssocStatus: 0
    802.11 auth: open
      link auth: wpa2
          BSSID: 4:62:73:41:7e:eb
           SSID: INRIA-interne
            MCS: 7
        channel: 36
     agrCtlRSSI: -43
     agrExtRSSI: 0
    agrCtlNoise: -99
    agrExtNoise: 0
          state: running
        op mode: station 
     lastTxRate: 195
        maxRate: 289
lastAssocStatus: 0
    802.11 auth: open
      link auth: wpa2
          BSSID: 4:62:73:41:7e:eb
           SSID: INRIA-interne
            MCS: 7
        channel: 36
     agrCtlRSSI: -43
     agrExtRSSI: 0
    agrCtlNoise: -99
    agrExtNoise: 0
          state: running
        op mode: station 
     lastTxRate: 195
        maxRate: 289
lastAssocStatus: 0
    802.11 auth: open
      link auth: wpa2
          BSSID: 4:62:73:41:7e:eb
           SSID: INRIA-interne
            MCS: 7
        channel: 36
     agrCtlRSSI: -43
     agrExtRSSI: 0
    agrCtlNoise: -99
    agrExtNoise: 0
          state: running
        op mode: station 
     lastTxRate: 195
        maxRate: 289
lastAssocStatus: 0
    802.11 auth: open
      link auth: wpa2
          BSSID: 4:62:73:41:7e:eb
           SSID: INRIA-interne
            MCS: 7
        channel: 36
     agrCtlRSSI: -43
     agrExtRSSI: 0
    agrCtlNoise: -99
    agrExtNoise: 0
          state: running
        op mode: station 
     lastTxRate: 195
        maxRate: 289
lastAssocStatus: 0
    802.11 auth: open
      link auth: wpa2
          BSSID: 4:62:73:41:7e:eb
           SSID: INRIA-interne
            MCS: 7
        channel: 36
     agrCtlRSSI: -43
     agrExtRSSI: 0
    agrCtlNoise: -99
    agrExtNoise: 0
          state: running
        op mode: station 
     lastTxRate: 195
        maxRate: 289
lastAssocStatus: 0
    802.11 auth: open
      link auth: wpa2
          BSSID: 4:62:73:41:7e:eb
           SSID: INRIA-interne
            MCS: 7
        channel: 36
     agrCtlRSSI: -43
     agrExtRSSI: 0
    agrCtlNoise: -99
    agrExtNoise: 0
          state: running
        op mode: station 
     lastTxRate: 195
        maxRate: 289
lastAssocStatus: 0
    802.11 auth: open
      link auth: wpa2
          BSSID: 4:62:73:41:7e:eb
           SSID: INRIA-interne
            MCS: 7
        channel: 36
     agrCtlRSSI: -43
     agrExtRSSI: 0
    agrCtlNoise: -99
    agrExtNoise: 0
          state: running
        op mode: station 
     lastTxRate: 195
        maxRate: 289
lastAssocStatus: 0
    802.11 auth: open
      link auth: wpa2
          BSSID: 4:62:73:41:7e:eb
           SSID: INRIA-interne
            MCS: 7
        channel: 36
     agrCtlRSSI: -42
     agrExtRSSI: 0
    agrCtlNoise: -99
    agrExtNoise: 0
          state: running
        op mode: station 
     lastTxRate: 195
        maxRate: 289
lastAssocStatus: 0
    802.11 auth: open
      link auth: wpa2
          BSSID: 4:62:73:41:7e:eb
           SSID: INRIA-interne
            MCS: 7
        channel: 36
     agrCtlRSSI: -42
     agrExtRSSI: 0
    agrCtlNoise: -99
    agrExtNoise: 0
          state: running
        op mode: station 
     lastTxRate: 234
        maxRate: 289
lastAssocStatus: 0
    802.11 auth: open
      link auth: wpa2
          BSSID: 4:62:73:41:7e:eb
           SSID: INRIA-interne
            MCS: 8
        channel: 36
     agrCtlRSSI: -42
     agrExtRSSI: 0
    agrCtlNoise: -99
    agrExtNoise: 0
          state: running
        op mode: station 
     lastTxRate: 234
        maxRate: 289
lastAssocStatus: 0
    802.11 auth: open
      link auth: wpa2
          BSSID: 4:62:73:41:7e:eb
           SSID: INRIA-interne
            MCS: 8
        channel: 36
     agrCtlRSSI: -43
     agrExtRSSI: 0
    agrCtlNoise: -99
    agrExtNoise: 0
          state: running
        op mode: station 
     lastTxRate: 234
        maxRate: 289
lastAssocStatus: 0
    802.11 auth: open
      link auth: wpa2
          BSSID: 4:62:73:41:7e:eb
           SSID: INRIA-interne
            MCS: 8
        channel: 36
     agrCtlRSSI: -44
     agrExtRSSI: 0
    agrCtlNoise: -99
    agrExtNoise: 0
          state: running
        op mode: station 
     lastTxRate: 234
        maxRate: 289
lastAssocStatus: 0
    802.11 auth: open
      link auth: wpa2
          BSSID: 4:62:73:41:7e:eb
           SSID: INRIA-interne
            MCS: 8
        channel: 36
     agrCtlRSSI: -44
     agrExtRSSI: 0
    agrCtlNoise: -99
    agrExtNoise: 0
          state: running
        op mode: station 
     lastTxRate: 234
        maxRate: 289
lastAssocStatus: 0
    802.11 auth: open
      link auth: wpa2
          BSSID: 4:62:73:41:7e:eb
           SSID: INRIA-interne
            MCS: 8
        channel: 36
     agrCtlRSSI: -43
     agrExtRSSI: 0
    agrCtlNoise: -99
    agrExtNoise: 0
          state: running
        op mode: station 
     lastTxRate: 234
        maxRate: 289
lastAssocStatus: 0
    802.11 auth: open
      link auth: wpa2
          BSSID: 4:62:73:41:7e:eb
           SSID: INRIA-interne
            MCS: 8
        channel: 36
     agrCtlRSSI: -43
     agrExtRSSI: 0
    agrCtlNoise: -99
    agrExtNoise: 0
          state: running
        op mode: station 
     lastTxRate: 234
        maxRate: 289
lastAssocStatus: 0
    802.11 auth: open
      link auth: wpa2
          BSSID: 4:62:73:41:7e:eb
           SSID: INRIA-interne
            MCS: 8
        channel: 36
     agrCtlRSSI: -50
     agrExtRSSI: 0
    agrCtlNoise: -97
    agrExtNoise: 0
          state: running
        op mode: station 
     lastTxRate: 234
        maxRate: 289
lastAssocStatus: 0
    802.11 auth: open
      link auth: wpa2
          BSSID: 4:62:73:41:7e:eb
           SSID: INRIA-interne
            MCS: 8
        channel: 36
     agrCtlRSSI: -50
     agrExtRSSI: 0
    agrCtlNoise: -99
    agrExtNoise: 0
          state: running
        op mode: station 
     lastTxRate: 234
        maxRate: 289
lastAssocStatus: 0
    802.11 auth: open
      link auth: wpa2
          BSSID: 4:62:73:41:7e:eb
           SSID: INRIA-interne
            MCS: 8
        channel: 36
     agrCtlRSSI: -51
     agrExtRSSI: 0
    agrCtlNoise: -99
    agrExtNoise: 0
          state: running
        op mode: station 
     lastTxRate: 234
        maxRate: 289
lastAssocStatus: 0
    802.11 auth: open
      link auth: wpa2
          BSSID: 4:62:73:41:7e:eb
           SSID: INRIA-interne
            MCS: 8
        channel: 36
     agrCtlRSSI: -46
     agrExtRSSI: 0
    agrCtlNoise: -99
    agrExtNoise: 0
          state: running
        op mode: station 
     lastTxRate: 234
        maxRate: 289
lastAssocStatus: 0
    802.11 auth: open
      link auth: wpa2
          BSSID: 4:62:73:41:7e:eb
           SSID: INRIA-interne
            MCS: 8
        channel: 36
     agrCtlRSSI: -48
     agrExtRSSI: 0
    agrCtlNoise: -99
    agrExtNoise: 0
          state: running
        op mode: station 
     lastTxRate: 234
        maxRate: 289
lastAssocStatus: 0
    802.11 auth: open
      link auth: wpa2
          BSSID: 4:62:73:41:7e:eb
           SSID: INRIA-interne
            MCS: 8
        channel: 36
     agrCtlRSSI: -49
     agrExtRSSI: 0
    agrCtlNoise: -99
    agrExtNoise: 0
          state: running
        op mode: station 
     lastTxRate: 234
        maxRate: 289
lastAssocStatus: 0
    802.11 auth: open
      link auth: wpa2
          BSSID: 4:62:73:41:7e:eb
           SSID: INRIA-interne
            MCS: 8
        channel: 36
     agrCtlRSSI: -50
     agrExtRSSI: 0
    agrCtlNoise: -99
    agrExtNoise: 0
          state: running
        op mode: station 
     lastTxRate: 234
        maxRate: 289
lastAssocStatus: 0
    802.11 auth: open
      link auth: wpa2
          BSSID: 4:62:73:41:7e:eb
           SSID: INRIA-interne
            MCS: 8
        channel: 36
     agrCtlRSSI: -49
     agrExtRSSI: 0
    agrCtlNoise: -99
    agrExtNoise: 0
          state: running
        op mode: station 
     lastTxRate: 234
        maxRate: 289
lastAssocStatus: 0
    802.11 auth: open
      link auth: wpa2
          BSSID: 4:62:73:41:7e:eb
           SSID: INRIA-interne
            MCS: 8
        channel: 36
     agrCtlRSSI: -49
     agrExtRSSI: 0
    agrCtlNoise: -92
    agrExtNoise: 0
          state: running
        op mode: station 
     lastTxRate: 234
        maxRate: 289
lastAssocStatus: 0
    802.11 auth: open
      link auth: wpa2
          BSSID: 4:62:73:41:7e:eb
           SSID: INRIA-interne
            MCS: 8
        channel: 36
     agrCtlRSSI: -49
     agrExtRSSI: 0
    agrCtlNoise: -98
    agrExtNoise: 0
          state: running
        op mode: station 
     lastTxRate: 234
        maxRate: 289
lastAssocStatus: 0
    802.11 auth: open
      link auth: wpa2
          BSSID: 4:62:73:41:7e:eb
           SSID: INRIA-interne
            MCS: 8
        channel: 36
     agrCtlRSSI: -48
     agrExtRSSI: 0
    agrCtlNoise: -99
    agrExtNoise: 0
          state: running
        op mode: station 
     lastTxRate: 234
        maxRate: 289
lastAssocStatus: 0
    802.11 auth: open
      link auth: wpa2
          BSSID: 4:62:73:41:7e:eb
           SSID: INRIA-interne
            MCS: 8
        channel: 36
     agrCtlRSSI: -48
     agrExtRSSI: 0
    agrCtlNoise: -99
    agrExtNoise: 0
          state: running
        op mode: station 
     lastTxRate: 234
        maxRate: 289
lastAssocStatus: 0
    802.11 auth: open
      link auth: wpa2
          BSSID: 4:62:73:41:7e:eb
           SSID: INRIA-interne
            MCS: 8
        channel: 36
