     agrCtlRSSI: -85
     agrExtRSSI: 0
    agrCtlNoise: -95
    agrExtNoise: 0
          state: running
        op mode: station 
     lastTxRate: 9
        maxRate: 54
lastAssocStatus: 0
    802.11 auth: open
      link auth: none
          BSSID: 0:3a:9a:8d:62:e0
           SSID: LINCS-guest
            MCS: -1
        channel: 64
     agrCtlRSSI: -85
     agrExtRSSI: 0
    agrCtlNoise: -95
    agrExtNoise: 0
          state: running
        op mode: station 
     lastTxRate: 9
        maxRate: 54
lastAssocStatus: 0
    802.11 auth: open
      link auth: none
          BSSID: 0:3a:9a:8d:62:e0
           SSID: LINCS-guest
            MCS: -1
        channel: 64
     agrCtlRSSI: -84
     agrExtRSSI: 0
    agrCtlNoise: -95
    agrExtNoise: 0
          state: running
        op mode: station 
     lastTxRate: 6
        maxRate: 54
lastAssocStatus: 0
    802.11 auth: open
      link auth: none
          BSSID: 0:3a:9a:8d:62:e0
           SSID: LINCS-guest
            MCS: -1
        channel: 64
     agrCtlRSSI: -86
     agrExtRSSI: 0
    agrCtlNoise: -95
    agrExtNoise: 0
          state: running
        op mode: station 
     lastTxRate: 6
        maxRate: 54
lastAssocStatus: 0
    802.11 auth: open
      link auth: none
          BSSID: 0:3a:9a:8d:62:e0
           SSID: LINCS-guest
            MCS: -1
        channel: 64
     agrCtlRSSI: -84
     agrExtRSSI: 0
    agrCtlNoise: -95
    agrExtNoise: 0
          state: running
        op mode: station 
     lastTxRate: 6
        maxRate: 54
lastAssocStatus: 0
    802.11 auth: open
      link auth: none
          BSSID: 0:3a:9a:8d:62:e0
           SSID: LINCS-guest
            MCS: -1
        channel: 64
     agrCtlRSSI: -65
     agrExtRSSI: 0
    agrCtlNoise: -89
    agrExtNoise: 0
          state: running
        op mode: station 
     lastTxRate: 5
        maxRate: 54
lastAssocStatus: 0
    802.11 auth: open
      link auth: none
          BSSID: 0:3a:9a:90:df:2
           SSID: LINCS-guest
            MCS: -1
        channel: 9
     agrCtlRSSI: -84
     agrExtRSSI: 0
    agrCtlNoise: -95
    agrExtNoise: 0
          state: running
        op mode: station 
     lastTxRate: 6
        maxRate: 54
lastAssocStatus: 0
    802.11 auth: open
      link auth: none
          BSSID: 0:3a:9a:8d:62:e0
           SSID: LINCS-guest
            MCS: -1
        channel: 64
     agrCtlRSSI: -84
     agrExtRSSI: 0
    agrCtlNoise: -95
    agrExtNoise: 0
          state: running
        op mode: station 
     lastTxRate: 6
        maxRate: 54
lastAssocStatus: 0
    802.11 auth: open
      link auth: none
          BSSID: 0:3a:9a:8d:62:e0
           SSID: LINCS-guest
            MCS: -1
        channel: 64
     agrCtlRSSI: -82
     agrExtRSSI: 0
    agrCtlNoise: -95
    agrExtNoise: 0
          state: running
        op mode: station 
     lastTxRate: 9
        maxRate: 54
lastAssocStatus: 0
    802.11 auth: open
      link auth: none
          BSSID: 0:3a:9a:8d:62:e0
           SSID: LINCS-guest
            MCS: -1
        channel: 64
     agrCtlRSSI: -85
     agrExtRSSI: 0
    agrCtlNoise: -95
    agrExtNoise: 0
          state: running
        op mode: station 
     lastTxRate: 6
        maxRate: 54
lastAssocStatus: 0
    802.11 auth: open
      link auth: none
          BSSID: 0:3a:9a:8d:62:e0
           SSID: LINCS-guest
            MCS: -1
        channel: 64
     agrCtlRSSI: -84
     agrExtRSSI: 0
    agrCtlNoise: -95
    agrExtNoise: 0
          state: running
        op mode: station 
     lastTxRate: 6
        maxRate: 54
lastAssocStatus: 0
    802.11 auth: open
      link auth: none
          BSSID: 0:3a:9a:8d:62:e0
           SSID: LINCS-guest
            MCS: -1
        channel: 64
     agrCtlRSSI: -82
     agrExtRSSI: 0
    agrCtlNoise: -96
    agrExtNoise: 0
          state: running
        op mode: station 
     lastTxRate: 9
        maxRate: 54
lastAssocStatus: 0
    802.11 auth: open
      link auth: none
          BSSID: 0:3a:9a:8d:62:e0
           SSID: LINCS-guest
            MCS: -1
        channel: 64
     agrCtlRSSI: -80
     agrExtRSSI: 0
    agrCtlNoise: -95
    agrExtNoise: 0
          state: running
        op mode: station 
     lastTxRate: 12
        maxRate: 54
lastAssocStatus: 0
    802.11 auth: open
      link auth: none
          BSSID: 0:3a:9a:8d:62:e0
           SSID: LINCS-guest
            MCS: -1
        channel: 64
     agrCtlRSSI: -85
     agrExtRSSI: 0
    agrCtlNoise: -95
    agrExtNoise: 0
          state: running
        op mode: station 
     lastTxRate: 6
        maxRate: 54
lastAssocStatus: 0
    802.11 auth: open
      link auth: none
          BSSID: 0:3a:9a:8d:62:e0
           SSID: LINCS-guest
            MCS: -1
        channel: 64
     agrCtlRSSI: -84
     agrExtRSSI: 0
    agrCtlNoise: -95
    agrExtNoise: 0
          state: running
        op mode: station 
     lastTxRate: 6
        maxRate: 54
lastAssocStatus: 0
    802.11 auth: open
      link auth: none
          BSSID: 0:3a:9a:8d:62:e0
           SSID: LINCS-guest
            MCS: -1
        channel: 64
     agrCtlRSSI: -86
     agrExtRSSI: 0
    agrCtlNoise: -95
    agrExtNoise: 0
          state: running
        op mode: station 
     lastTxRate: 6
        maxRate: 54
lastAssocStatus: 0
    802.11 auth: open
      link auth: none
          BSSID: 0:3a:9a:8d:62:e0
           SSID: LINCS-guest
            MCS: -1
        channel: 64
     agrCtlRSSI: -84
     agrExtRSSI: 0
    agrCtlNoise: -95
    agrExtNoise: 0
          state: running
        op mode: station 
     lastTxRate: 9
        maxRate: 54
lastAssocStatus: 0
    802.11 auth: open
      link auth: none
          BSSID: 0:3a:9a:8d:62:e0
           SSID: LINCS-guest
            MCS: -1
        channel: 64
     agrCtlRSSI: -83
     agrExtRSSI: 0
    agrCtlNoise: -95
    agrExtNoise: 0
          state: running
        op mode: station 
     lastTxRate: 6
        maxRate: 54
lastAssocStatus: 0
    802.11 auth: open
      link auth: none
          BSSID: 0:3a:9a:8d:62:e0
           SSID: LINCS-guest
            MCS: -1
        channel: 64
     agrCtlRSSI: -83
     agrExtRSSI: 0
    agrCtlNoise: -95
    agrExtNoise: 0
          state: running
        op mode: station 
     lastTxRate: 6
        maxRate: 54
lastAssocStatus: 0
    802.11 auth: open
      link auth: none
          BSSID: 0:3a:9a:8d:62:e0
           SSID: LINCS-guest
            MCS: -1
        channel: 64
     agrCtlRSSI: -83
     agrExtRSSI: 0
    agrCtlNoise: -95
    agrExtNoise: 0
          state: running
        op mode: station 
     lastTxRate: 6
        maxRate: 54
lastAssocStatus: 0
    802.11 auth: open
      link auth: none
          BSSID: 0:3a:9a:8d:62:e0
           SSID: LINCS-guest
            MCS: -1
        channel: 64
     agrCtlRSSI: -81
     agrExtRSSI: 0
    agrCtlNoise: -95
    agrExtNoise: 0
          state: running
        op mode: station 
     lastTxRate: 9
        maxRate: 54
lastAssocStatus: 0
    802.11 auth: open
      link auth: none
          BSSID: 0:3a:9a:8d:62:e0
           SSID: LINCS-guest
            MCS: -1
        channel: 64
     agrCtlRSSI: -82
     agrExtRSSI: 0
    agrCtlNoise: -95
    agrExtNoise: 0
          state: running
        op mode: station 
     lastTxRate: 9
        maxRate: 54
lastAssocStatus: 0
    802.11 auth: open
      link auth: none
          BSSID: 0:3a:9a:8d:62:e0
           SSID: LINCS-guest
            MCS: -1
        channel: 64
     agrCtlRSSI: -82
     agrExtRSSI: 0
    agrCtlNoise: -95
    agrExtNoise: 0
          state: running
        op mode: station 
     lastTxRate: 6
        maxRate: 54
lastAssocStatus: 0
    802.11 auth: open
      link auth: none
          BSSID: 0:3a:9a:8d:62:e0
           SSID: LINCS-guest
            MCS: -1
        channel: 64
     agrCtlRSSI: -81
     agrExtRSSI: 0
    agrCtlNoise: -95
    agrExtNoise: 0
          state: running
        op mode: station 
     lastTxRate: 6
        maxRate: 54
lastAssocStatus: 0
    802.11 auth: open
      link auth: none
          BSSID: 0:3a:9a:8d:62:e0
           SSID: LINCS-guest
            MCS: -1
        channel: 64
     agrCtlRSSI: -84
     agrExtRSSI: 0
    agrCtlNoise: -95
    agrExtNoise: 0
          state: running
        op mode: station 
     lastTxRate: 6
        maxRate: 54
lastAssocStatus: 0
    802.11 auth: open
      link auth: none
          BSSID: 0:3a:9a:8d:62:e0
           SSID: LINCS-guest
            MCS: -1
        channel: 64
     agrCtlRSSI: -76
     agrExtRSSI: 0
    agrCtlNoise: -96
    agrExtNoise: 0
          state: running
        op mode: station 
     lastTxRate: 5
        maxRate: 54
lastAssocStatus: 0
    802.11 auth: open
      link auth: none
          BSSID: 0:3a:9a:90:df:2
           SSID: LINCS-guest
            MCS: -1
        channel: 9
     agrCtlRSSI: -80
     agrExtRSSI: 0
    agrCtlNoise: -98
    agrExtNoise: 0
          state: running
        op mode: station 
     lastTxRate: 11
        maxRate: 54
lastAssocStatus: 0
    802.11 auth: open
      link auth: none
          BSSID: 0:3a:9a:90:df:2
           SSID: LINCS-guest
            MCS: -1
        channel: 9
     agrCtlRSSI: -78
     agrExtRSSI: 0
    agrCtlNoise: -87
    agrExtNoise: 0
          state: running
        op mode: station 
     lastTxRate: 5
        maxRate: 54
lastAssocStatus: 0
    802.11 auth: open
      link auth: none
          BSSID: 0:3a:9a:90:df:2
           SSID: LINCS-guest
            MCS: -1
        channel: 9
     agrCtlRSSI: -55
     agrExtRSSI: 0
    agrCtlNoise: -93
    agrExtNoise: 0
          state: running
        op mode: station 
     lastTxRate: 18
        maxRate: 54
lastAssocStatus: 0
    802.11 auth: open
      link auth: none
          BSSID: 0:3a:9a:90:df:2
           SSID: LINCS-guest
            MCS: -1
        channel: 9
     agrCtlRSSI: -53
     agrExtRSSI: 0
    agrCtlNoise: -101
    agrExtNoise: 0
          state: running
        op mode: station 
     lastTxRate: 54
        maxRate: 54
lastAssocStatus: 0
    802.11 auth: open
      link auth: none
          BSSID: 0:3a:9a:90:df:2
           SSID: LINCS-guest
            MCS: -1
        channel: 9
     agrCtlRSSI: -52
     agrExtRSSI: 0
    agrCtlNoise: -87
    agrExtNoise: 0
          state: running
        op mode: station 
     lastTxRate: 54
        maxRate: 54
lastAssocStatus: 0
    802.11 auth: open
      link auth: none
          BSSID: 0:3a:9a:90:df:2
           SSID: LINCS-guest
            MCS: -1
        channel: 9
     agrCtlRSSI: -52
     agrExtRSSI: 0
    agrCtlNoise: -91
    agrExtNoise: 0
          state: running
        op mode: station 
     lastTxRate: 48
        maxRate: 54
lastAssocStatus: 0
    802.11 auth: open
      link auth: none
          BSSID: 0:3a:9a:90:df:2
           SSID: LINCS-guest
            MCS: -1
        channel: 9
     agrCtlRSSI: -51
     agrExtRSSI: 0
    agrCtlNoise: -99
    agrExtNoise: 0
          state: running
        op mode: station 
     lastTxRate: 54
        maxRate: 54
lastAssocStatus: 0
    802.11 auth: open
      link auth: none
          BSSID: 0:3a:9a:90:df:2
           SSID: LINCS-guest
            MCS: -1
        channel: 9
     agrCtlRSSI: -51
     agrExtRSSI: 0
    agrCtlNoise: -95
    agrExtNoise: 0
          state: running
        op mode: station 
     lastTxRate: 54
        maxRate: 54
lastAssocStatus: 0
    802.11 auth: open
      link auth: none
          BSSID: 0:3a:9a:90:df:2
           SSID: LINCS-guest
            MCS: -1
        channel: 9
     agrCtlRSSI: -53
     agrExtRSSI: 0
    agrCtlNoise: -98
    agrExtNoise: 0
          state: running
        op mode: station 
     lastTxRate: 54
        maxRate: 54
lastAssocStatus: 0
    802.11 auth: open
      link auth: none
          BSSID: 0:3a:9a:90:df:2
           SSID: LINCS-guest
            MCS: -1
        channel: 9
     agrCtlRSSI: -53
     agrExtRSSI: 0
    agrCtlNoise: -95
    agrExtNoise: 0
          state: running
        op mode: station 
     lastTxRate: 54
        maxRate: 54
lastAssocStatus: 0
    802.11 auth: open
      link auth: none
          BSSID: 0:3a:9a:90:df:2
           SSID: LINCS-guest
            MCS: -1
        channel: 9
     agrCtlRSSI: -52
     agrExtRSSI: 0
    agrCtlNoise: -98
    agrExtNoise: 0
          state: running
        op mode: station 
     lastTxRate: 54
        maxRate: 54
lastAssocStatus: 0
    802.11 auth: open
      link auth: none
          BSSID: 0:3a:9a:90:df:2
           SSID: LINCS-guest
            MCS: -1
        channel: 9
     agrCtlRSSI: -52
     agrExtRSSI: 0
    agrCtlNoise: -95
    agrExtNoise: 0
          state: running
        op mode: station 
     lastTxRate: 54
        maxRate: 54
lastAssocStatus: 0
    802.11 auth: open
      link auth: none
          BSSID: 0:3a:9a:90:df:2
           SSID: LINCS-guest
            MCS: -1
        channel: 9
     agrCtlRSSI: -60
     agrExtRSSI: 0
    agrCtlNoise: -95
    agrExtNoise: 0
          state: running
        op mode: station 
     lastTxRate: 54
        maxRate: 54
lastAssocStatus: 0
    802.11 auth: open
      link auth: none
          BSSID: 0:3a:9a:8d:62:e0
           SSID: LINCS-guest
            MCS: -1
        channel: 64
     agrCtlRSSI: -58
     agrExtRSSI: 0
    agrCtlNoise: -95
    agrExtNoise: 0
          state: running
        op mode: station 
     lastTxRate: 54
        maxRate: 54
lastAssocStatus: 0
    802.11 auth: open
      link auth: none
          BSSID: 0:3a:9a:8d:62:e0
           SSID: LINCS-guest
            MCS: -1
        channel: 64
     agrCtlRSSI: -57
     agrExtRSSI: 0
    agrCtlNoise: -95
    agrExtNoise: 0
          state: running
        op mode: station 
     lastTxRate: 54
        maxRate: 54
lastAssocStatus: 0
    802.11 auth: open
      link auth: none
          BSSID: 0:3a:9a:8d:62:e0
           SSID: LINCS-guest
            MCS: -1
        channel: 64
