     agrCtlRSSI: -56
     agrExtRSSI: 0
    agrCtlNoise: -95
    agrExtNoise: 0
          state: running
        op mode: station 
     lastTxRate: 174
        maxRate: 289
lastAssocStatus: 0
    802.11 auth: open
      link auth: wpa2
          BSSID: 84:b2:61:3f:c4:db
           SSID: INRIA-interne
            MCS: 8
        channel: 60
     agrCtlRSSI: -56
     agrExtRSSI: 0
    agrCtlNoise: -95
    agrExtNoise: 0
          state: running
        op mode: station 
     lastTxRate: 174
        maxRate: 289
lastAssocStatus: 0
    802.11 auth: open
      link auth: wpa2
          BSSID: 84:b2:61:3f:c4:db
           SSID: INRIA-interne
            MCS: 8
        channel: 60
     agrCtlRSSI: -56
     agrExtRSSI: 0
    agrCtlNoise: -96
    agrExtNoise: 0
          state: running
        op mode: station 
     lastTxRate: 174
        maxRate: 289
lastAssocStatus: 0
    802.11 auth: open
      link auth: wpa2
          BSSID: 84:b2:61:3f:c4:db
           SSID: INRIA-interne
            MCS: 8
        channel: 60
     agrCtlRSSI: -57
     agrExtRSSI: 0
    agrCtlNoise: -95
    agrExtNoise: 0
          state: running
        op mode: station 
     lastTxRate: 174
        maxRate: 289
lastAssocStatus: 0
    802.11 auth: open
      link auth: wpa2
          BSSID: 84:b2:61:3f:c4:db
           SSID: INRIA-interne
            MCS: 8
        channel: 60
     agrCtlRSSI: -57
     agrExtRSSI: 0
    agrCtlNoise: -95
    agrExtNoise: 0
          state: running
        op mode: station 
     lastTxRate: 174
        maxRate: 289
lastAssocStatus: 0
    802.11 auth: open
      link auth: wpa2
          BSSID: 84:b2:61:3f:c4:db
           SSID: INRIA-interne
            MCS: 8
        channel: 60
     agrCtlRSSI: -56
     agrExtRSSI: 0
    agrCtlNoise: -95
    agrExtNoise: 0
          state: running
        op mode: station 
     lastTxRate: 174
        maxRate: 289
lastAssocStatus: 0
    802.11 auth: open
      link auth: wpa2
          BSSID: 84:b2:61:3f:c4:db
           SSID: INRIA-interne
            MCS: 8
        channel: 60
     agrCtlRSSI: -55
     agrExtRSSI: 0
    agrCtlNoise: -96
    agrExtNoise: 0
          state: running
        op mode: station 
     lastTxRate: 174
        maxRate: 289
lastAssocStatus: 0
    802.11 auth: open
      link auth: wpa2
          BSSID: 84:b2:61:3f:c4:db
           SSID: INRIA-interne
            MCS: 8
        channel: 60
     agrCtlRSSI: -54
     agrExtRSSI: 0
    agrCtlNoise: -95
    agrExtNoise: 0
          state: running
        op mode: station 
     lastTxRate: 174
        maxRate: 289
lastAssocStatus: 0
    802.11 auth: open
      link auth: wpa2
          BSSID: 84:b2:61:3f:c4:db
           SSID: INRIA-interne
            MCS: 8
        channel: 60
     agrCtlRSSI: -54
     agrExtRSSI: 0
    agrCtlNoise: -96
    agrExtNoise: 0
          state: running
        op mode: station 
     lastTxRate: 174
        maxRate: 289
lastAssocStatus: 0
    802.11 auth: open
      link auth: wpa2
          BSSID: 84:b2:61:3f:c4:db
           SSID: INRIA-interne
            MCS: 8
        channel: 60
     agrCtlRSSI: -56
     agrExtRSSI: 0
    agrCtlNoise: -95
    agrExtNoise: 0
          state: running
        op mode: station 
     lastTxRate: 174
        maxRate: 289
lastAssocStatus: 0
    802.11 auth: open
      link auth: wpa2
          BSSID: 84:b2:61:3f:c4:db
           SSID: INRIA-interne
            MCS: 8
        channel: 60
     agrCtlRSSI: -56
     agrExtRSSI: 0
    agrCtlNoise: -96
    agrExtNoise: 0
          state: running
        op mode: station 
     lastTxRate: 174
        maxRate: 289
lastAssocStatus: 0
    802.11 auth: open
      link auth: wpa2
          BSSID: 84:b2:61:3f:c4:db
           SSID: INRIA-interne
            MCS: 8
        channel: 60
     agrCtlRSSI: -55
     agrExtRSSI: 0
    agrCtlNoise: -95
    agrExtNoise: 0
          state: running
        op mode: station 
     lastTxRate: 174
        maxRate: 289
lastAssocStatus: 0
    802.11 auth: open
      link auth: wpa2
          BSSID: 84:b2:61:3f:c4:db
           SSID: INRIA-interne
            MCS: 8
        channel: 60
     agrCtlRSSI: -55
     agrExtRSSI: 0
    agrCtlNoise: -96
    agrExtNoise: 0
          state: running
        op mode: station 
     lastTxRate: 174
        maxRate: 289
lastAssocStatus: 0
    802.11 auth: open
      link auth: wpa2
          BSSID: 84:b2:61:3f:c4:db
           SSID: INRIA-interne
            MCS: 8
        channel: 60
     agrCtlRSSI: -57
     agrExtRSSI: 0
    agrCtlNoise: -96
    agrExtNoise: 0
          state: running
        op mode: station 
     lastTxRate: 174
        maxRate: 289
lastAssocStatus: 0
    802.11 auth: open
      link auth: wpa2
          BSSID: 84:b2:61:3f:c4:db
           SSID: INRIA-interne
            MCS: 8
        channel: 60
     agrCtlRSSI: -56
     agrExtRSSI: 0
    agrCtlNoise: -95
    agrExtNoise: 0
          state: running
        op mode: station 
     lastTxRate: 174
        maxRate: 289
lastAssocStatus: 0
    802.11 auth: open
      link auth: wpa2
          BSSID: 84:b2:61:3f:c4:db
           SSID: INRIA-interne
            MCS: 8
        channel: 60
     agrCtlRSSI: -57
     agrExtRSSI: 0
    agrCtlNoise: -96
    agrExtNoise: 0
          state: running
        op mode: station 
     lastTxRate: 174
        maxRate: 289
lastAssocStatus: 0
    802.11 auth: open
      link auth: wpa2
          BSSID: 84:b2:61:3f:c4:db
           SSID: INRIA-interne
            MCS: 8
        channel: 60
     agrCtlRSSI: -57
     agrExtRSSI: 0
    agrCtlNoise: -95
    agrExtNoise: 0
          state: running
        op mode: station 
     lastTxRate: 174
        maxRate: 289
lastAssocStatus: 0
    802.11 auth: open
      link auth: wpa2
          BSSID: 84:b2:61:3f:c4:db
           SSID: INRIA-interne
            MCS: 8
        channel: 60
     agrCtlRSSI: -57
     agrExtRSSI: 0
    agrCtlNoise: -96
    agrExtNoise: 0
          state: running
        op mode: station 
     lastTxRate: 174
        maxRate: 289
lastAssocStatus: 0
    802.11 auth: open
      link auth: wpa2
          BSSID: 84:b2:61:3f:c4:db
           SSID: INRIA-interne
            MCS: 8
        channel: 60
     agrCtlRSSI: -57
     agrExtRSSI: 0
    agrCtlNoise: -95
    agrExtNoise: 0
          state: running
        op mode: station 
     lastTxRate: 174
        maxRate: 289
lastAssocStatus: 0
    802.11 auth: open
      link auth: wpa2
          BSSID: 84:b2:61:3f:c4:db
           SSID: INRIA-interne
            MCS: 8
        channel: 60
     agrCtlRSSI: -57
     agrExtRSSI: 0
    agrCtlNoise: -96
    agrExtNoise: 0
          state: running
        op mode: station 
     lastTxRate: 174
        maxRate: 289
lastAssocStatus: 0
    802.11 auth: open
      link auth: wpa2
          BSSID: 84:b2:61:3f:c4:db
           SSID: INRIA-interne
            MCS: 8
        channel: 60
     agrCtlRSSI: -57
     agrExtRSSI: 0
    agrCtlNoise: -93
    agrExtNoise: 0
          state: running
        op mode: station 
     lastTxRate: 174
        maxRate: 289
lastAssocStatus: 0
    802.11 auth: open
      link auth: wpa2
          BSSID: 84:b2:61:3f:c4:db
           SSID: INRIA-interne
            MCS: 8
        channel: 60
     agrCtlRSSI: -57
     agrExtRSSI: 0
    agrCtlNoise: -95
    agrExtNoise: 0
          state: running
        op mode: station 
     lastTxRate: 174
        maxRate: 289
lastAssocStatus: 0
    802.11 auth: open
      link auth: wpa2
          BSSID: 84:b2:61:3f:c4:db
           SSID: INRIA-interne
            MCS: 8
        channel: 60
     agrCtlRSSI: -57
     agrExtRSSI: 0
    agrCtlNoise: -95
    agrExtNoise: 0
          state: running
        op mode: station 
     lastTxRate: 174
        maxRate: 289
lastAssocStatus: 0
    802.11 auth: open
      link auth: wpa2
          BSSID: 84:b2:61:3f:c4:db
           SSID: INRIA-interne
            MCS: 8
        channel: 60
     agrCtlRSSI: -56
     agrExtRSSI: 0
    agrCtlNoise: -96
    agrExtNoise: 0
          state: running
        op mode: station 
     lastTxRate: 174
        maxRate: 289
lastAssocStatus: 0
    802.11 auth: open
      link auth: wpa2
          BSSID: 84:b2:61:3f:c4:db
           SSID: INRIA-interne
            MCS: 8
        channel: 60
     agrCtlRSSI: -55
     agrExtRSSI: 0
    agrCtlNoise: -95
    agrExtNoise: 0
          state: running
        op mode: station 
     lastTxRate: 174
        maxRate: 289
lastAssocStatus: 0
    802.11 auth: open
      link auth: wpa2
          BSSID: 84:b2:61:3f:c4:db
           SSID: INRIA-interne
            MCS: 8
        channel: 60
     agrCtlRSSI: -55
     agrExtRSSI: 0
    agrCtlNoise: -95
    agrExtNoise: 0
          state: running
        op mode: station 
     lastTxRate: 174
        maxRate: 289
lastAssocStatus: 0
    802.11 auth: open
      link auth: wpa2
          BSSID: 84:b2:61:3f:c4:db
           SSID: INRIA-interne
            MCS: 8
        channel: 60
     agrCtlRSSI: -56
     agrExtRSSI: 0
    agrCtlNoise: -96
    agrExtNoise: 0
          state: running
        op mode: station 
     lastTxRate: 174
        maxRate: 289
lastAssocStatus: 0
    802.11 auth: open
      link auth: wpa2
          BSSID: 84:b2:61:3f:c4:db
           SSID: INRIA-interne
            MCS: 8
        channel: 60
     agrCtlRSSI: -55
     agrExtRSSI: 0
    agrCtlNoise: -95
    agrExtNoise: 0
          state: running
        op mode: station 
     lastTxRate: 174
        maxRate: 289
lastAssocStatus: 0
    802.11 auth: open
      link auth: wpa2
          BSSID: 84:b2:61:3f:c4:db
           SSID: INRIA-interne
            MCS: 8
        channel: 60
     agrCtlRSSI: -55
     agrExtRSSI: 0
    agrCtlNoise: -96
    agrExtNoise: 0
          state: running
        op mode: station 
     lastTxRate: 174
        maxRate: 289
lastAssocStatus: 0
    802.11 auth: open
      link auth: wpa2
          BSSID: 84:b2:61:3f:c4:db
           SSID: INRIA-interne
            MCS: 8
        channel: 60
     agrCtlRSSI: -56
     agrExtRSSI: 0
    agrCtlNoise: -96
    agrExtNoise: 0
          state: running
        op mode: station 
     lastTxRate: 174
        maxRate: 289
lastAssocStatus: 0
    802.11 auth: open
      link auth: wpa2
          BSSID: 84:b2:61:3f:c4:db
           SSID: INRIA-interne
            MCS: 8
        channel: 60
     agrCtlRSSI: -56
     agrExtRSSI: 0
    agrCtlNoise: -95
    agrExtNoise: 0
          state: running
        op mode: station 
     lastTxRate: 174
        maxRate: 289
lastAssocStatus: 0
    802.11 auth: open
      link auth: wpa2
          BSSID: 84:b2:61:3f:c4:db
           SSID: INRIA-interne
            MCS: 8
        channel: 60
     agrCtlRSSI: -56
     agrExtRSSI: 0
    agrCtlNoise: -96
    agrExtNoise: 0
          state: running
        op mode: station 
     lastTxRate: 174
        maxRate: 289
lastAssocStatus: 0
    802.11 auth: open
      link auth: wpa2
          BSSID: 84:b2:61:3f:c4:db
           SSID: INRIA-interne
            MCS: 8
        channel: 60
     agrCtlRSSI: -57
     agrExtRSSI: 0
    agrCtlNoise: -95
    agrExtNoise: 0
          state: running
        op mode: station 
     lastTxRate: 174
        maxRate: 289
lastAssocStatus: 0
    802.11 auth: open
      link auth: wpa2
          BSSID: 84:b2:61:3f:c4:db
           SSID: INRIA-interne
            MCS: 8
        channel: 60
     agrCtlRSSI: -54
     agrExtRSSI: 0
    agrCtlNoise: -95
    agrExtNoise: 0
          state: running
        op mode: station 
     lastTxRate: 174
        maxRate: 289
lastAssocStatus: 0
    802.11 auth: open
      link auth: wpa2
          BSSID: 84:b2:61:3f:c4:db
           SSID: INRIA-interne
            MCS: 8
        channel: 60
     agrCtlRSSI: -55
     agrExtRSSI: 0
    agrCtlNoise: -95
    agrExtNoise: 0
          state: running
        op mode: station 
     lastTxRate: 174
        maxRate: 289
lastAssocStatus: 0
    802.11 auth: open
      link auth: wpa2
          BSSID: 84:b2:61:3f:c4:db
           SSID: INRIA-interne
            MCS: 8
        channel: 60
     agrCtlRSSI: -55
     agrExtRSSI: 0
    agrCtlNoise: -95
    agrExtNoise: 0
          state: running
        op mode: station 
     lastTxRate: 174
        maxRate: 289
lastAssocStatus: 0
    802.11 auth: open
      link auth: wpa2
          BSSID: 84:b2:61:3f:c4:db
           SSID: INRIA-interne
            MCS: 8
        channel: 60
     agrCtlRSSI: -55
     agrExtRSSI: 0
    agrCtlNoise: -95
    agrExtNoise: 0
          state: running
        op mode: station 
     lastTxRate: 174
        maxRate: 289
lastAssocStatus: 0
    802.11 auth: open
      link auth: wpa2
          BSSID: 84:b2:61:3f:c4:db
           SSID: INRIA-interne
            MCS: 8
        channel: 60
     agrCtlRSSI: -53
     agrExtRSSI: 0
    agrCtlNoise: -96
    agrExtNoise: 0
          state: running
        op mode: station 
     lastTxRate: 174
        maxRate: 289
lastAssocStatus: 0
    802.11 auth: open
      link auth: wpa2
          BSSID: 84:b2:61:3f:c4:db
           SSID: INRIA-interne
            MCS: 8
        channel: 60
     agrCtlRSSI: -54
     agrExtRSSI: 0
    agrCtlNoise: -95
    agrExtNoise: 0
          state: running
        op mode: station 
     lastTxRate: 174
        maxRate: 289
lastAssocStatus: 0
    802.11 auth: open
      link auth: wpa2
          BSSID: 84:b2:61:3f:c4:db
           SSID: INRIA-interne
            MCS: 8
        channel: 60
     agrCtlRSSI: -54
     agrExtRSSI: 0
    agrCtlNoise: -96
    agrExtNoise: 0
          state: running
        op mode: station 
     lastTxRate: 174
        maxRate: 289
lastAssocStatus: 0
    802.11 auth: open
      link auth: wpa2
          BSSID: 84:b2:61:3f:c4:db
           SSID: INRIA-interne
            MCS: 8
        channel: 60
     agrCtlRSSI: -55
     agrExtRSSI: 0
    agrCtlNoise: -96
    agrExtNoise: 0
          state: running
        op mode: station 
     lastTxRate: 174
        maxRate: 289
lastAssocStatus: 0
    802.11 auth: open
      link auth: wpa2
          BSSID: 84:b2:61:3f:c4:db
           SSID: INRIA-interne
            MCS: 8
        channel: 60
