     agrCtlRSSI: -59
     agrExtRSSI: 0
    agrCtlNoise: -98
    agrExtNoise: 0
          state: running
        op mode: station 
     lastTxRate: 174
        maxRate: 289
lastAssocStatus: 0
    802.11 auth: open
      link auth: wpa2
          BSSID: 4:62:73:41:7e:eb
           SSID: INRIA-interne
            MCS: 8
        channel: 36
     agrCtlRSSI: -59
     agrExtRSSI: 0
    agrCtlNoise: -98
    agrExtNoise: 0
          state: running
        op mode: station 
     lastTxRate: 174
        maxRate: 289
lastAssocStatus: 0
    802.11 auth: open
      link auth: wpa2
          BSSID: 4:62:73:41:7e:eb
           SSID: INRIA-interne
            MCS: 8
        channel: 36
     agrCtlRSSI: -58
     agrExtRSSI: 0
    agrCtlNoise: -99
    agrExtNoise: 0
          state: running
        op mode: station 
     lastTxRate: 174
        maxRate: 289
lastAssocStatus: 0
    802.11 auth: open
      link auth: wpa2
          BSSID: 4:62:73:41:7e:eb
           SSID: INRIA-interne
            MCS: 8
        channel: 36
     agrCtlRSSI: -57
     agrExtRSSI: 0
    agrCtlNoise: -99
    agrExtNoise: 0
          state: running
        op mode: station 
     lastTxRate: 174
        maxRate: 289
lastAssocStatus: 0
    802.11 auth: open
      link auth: wpa2
          BSSID: 4:62:73:41:7e:eb
           SSID: INRIA-interne
            MCS: 8
        channel: 36
     agrCtlRSSI: -58
     agrExtRSSI: 0
    agrCtlNoise: -99
    agrExtNoise: 0
          state: running
        op mode: station 
     lastTxRate: 174
        maxRate: 289
lastAssocStatus: 0
    802.11 auth: open
      link auth: wpa2
          BSSID: 4:62:73:41:7e:eb
           SSID: INRIA-interne
            MCS: 8
        channel: 36
     agrCtlRSSI: -58
     agrExtRSSI: 0
    agrCtlNoise: -99
    agrExtNoise: 0
          state: running
        op mode: station 
     lastTxRate: 156
        maxRate: 289
lastAssocStatus: 0
    802.11 auth: open
      link auth: wpa2
          BSSID: 4:62:73:41:7e:eb
           SSID: INRIA-interne
            MCS: 8
        channel: 36
     agrCtlRSSI: -56
     agrExtRSSI: 0
    agrCtlNoise: -99
    agrExtNoise: 0
          state: running
        op mode: station 
     lastTxRate: 174
        maxRate: 289
lastAssocStatus: 0
    802.11 auth: open
      link auth: wpa2
          BSSID: 4:62:73:41:7e:eb
           SSID: INRIA-interne
            MCS: 8
        channel: 36
     agrCtlRSSI: -57
     agrExtRSSI: 0
    agrCtlNoise: -99
    agrExtNoise: 0
          state: running
        op mode: station 
     lastTxRate: 195
        maxRate: 289
lastAssocStatus: 0
    802.11 auth: open
      link auth: wpa2
          BSSID: 4:62:73:41:7e:eb
           SSID: INRIA-interne
            MCS: 7
        channel: 36
     agrCtlRSSI: -57
     agrExtRSSI: 0
    agrCtlNoise: -99
    agrExtNoise: 0
          state: running
        op mode: station 
     lastTxRate: 234
        maxRate: 289
lastAssocStatus: 0
    802.11 auth: open
      link auth: wpa2
          BSSID: 4:62:73:41:7e:eb
           SSID: INRIA-interne
            MCS: 8
        channel: 36
     agrCtlRSSI: -58
     agrExtRSSI: 0
    agrCtlNoise: -98
    agrExtNoise: 0
          state: running
        op mode: station 
     lastTxRate: 260
        maxRate: 289
lastAssocStatus: 0
    802.11 auth: open
      link auth: wpa2
          BSSID: 4:62:73:41:7e:eb
           SSID: INRIA-interne
            MCS: 9
        channel: 36
     agrCtlRSSI: -58
     agrExtRSSI: 0
    agrCtlNoise: -98
    agrExtNoise: 0
          state: running
        op mode: station 
     lastTxRate: 195
        maxRate: 289
lastAssocStatus: 0
    802.11 auth: open
      link auth: wpa2
          BSSID: 4:62:73:41:7e:eb
           SSID: INRIA-interne
            MCS: 7
        channel: 36
     agrCtlRSSI: -56
     agrExtRSSI: 0
    agrCtlNoise: -98
    agrExtNoise: 0
          state: running
        op mode: station 
     lastTxRate: 195
        maxRate: 289
lastAssocStatus: 0
    802.11 auth: open
      link auth: wpa2
          BSSID: 4:62:73:41:7e:eb
           SSID: INRIA-interne
            MCS: 7
        channel: 36
     agrCtlRSSI: -58
     agrExtRSSI: 0
    agrCtlNoise: -99
    agrExtNoise: 0
          state: running
        op mode: station 
     lastTxRate: 195
        maxRate: 289
lastAssocStatus: 0
    802.11 auth: open
      link auth: wpa2
          BSSID: 4:62:73:41:7e:eb
           SSID: INRIA-interne
            MCS: 7
        channel: 36
     agrCtlRSSI: -57
     agrExtRSSI: 0
    agrCtlNoise: -99
    agrExtNoise: 0
          state: running
        op mode: station 
     lastTxRate: 195
        maxRate: 289
lastAssocStatus: 0
    802.11 auth: open
      link auth: wpa2
          BSSID: 4:62:73:41:7e:eb
           SSID: INRIA-interne
            MCS: 7
        channel: 36
     agrCtlRSSI: -57
     agrExtRSSI: 0
    agrCtlNoise: -99
    agrExtNoise: 0
          state: running
        op mode: station 
     lastTxRate: 195
        maxRate: 289
lastAssocStatus: 0
    802.11 auth: open
      link auth: wpa2
          BSSID: 4:62:73:41:7e:eb
           SSID: INRIA-interne
            MCS: 7
        channel: 36
     agrCtlRSSI: -57
     agrExtRSSI: 0
    agrCtlNoise: -99
    agrExtNoise: 0
          state: running
        op mode: station 
     lastTxRate: 234
        maxRate: 289
lastAssocStatus: 0
    802.11 auth: open
      link auth: wpa2
          BSSID: 4:62:73:41:7e:eb
           SSID: INRIA-interne
            MCS: 8
        channel: 36
     agrCtlRSSI: -57
     agrExtRSSI: 0
    agrCtlNoise: -98
    agrExtNoise: 0
          state: running
        op mode: station 
     lastTxRate: 195
        maxRate: 289
lastAssocStatus: 0
    802.11 auth: open
      link auth: wpa2
          BSSID: 4:62:73:41:7e:eb
           SSID: INRIA-interne
            MCS: 7
        channel: 36
     agrCtlRSSI: -58
     agrExtRSSI: 0
    agrCtlNoise: -98
    agrExtNoise: 0
          state: running
        op mode: station 
     lastTxRate: 174
        maxRate: 289
lastAssocStatus: 0
    802.11 auth: open
      link auth: wpa2
          BSSID: 4:62:73:41:7e:eb
           SSID: INRIA-interne
            MCS: 8
        channel: 36
     agrCtlRSSI: -59
     agrExtRSSI: 0
    agrCtlNoise: -98
    agrExtNoise: 0
          state: running
        op mode: station 
     lastTxRate: 174
        maxRate: 289
lastAssocStatus: 0
    802.11 auth: open
      link auth: wpa2
          BSSID: 4:62:73:41:7e:eb
           SSID: INRIA-interne
            MCS: 8
        channel: 36
     agrCtlRSSI: -59
     agrExtRSSI: 0
    agrCtlNoise: -99
    agrExtNoise: 0
          state: running
        op mode: station 
     lastTxRate: 174
        maxRate: 289
lastAssocStatus: 0
    802.11 auth: open
      link auth: wpa2
          BSSID: 4:62:73:41:7e:eb
           SSID: INRIA-interne
            MCS: 8
        channel: 36
     agrCtlRSSI: -57
     agrExtRSSI: 0
    agrCtlNoise: -98
    agrExtNoise: 0
          state: running
        op mode: station 
     lastTxRate: 174
        maxRate: 289
lastAssocStatus: 0
    802.11 auth: open
      link auth: wpa2
          BSSID: 4:62:73:41:7e:eb
           SSID: INRIA-interne
            MCS: 8
        channel: 36
     agrCtlRSSI: -58
     agrExtRSSI: 0
    agrCtlNoise: -99
    agrExtNoise: 0
          state: running
        op mode: station 
     lastTxRate: 174
        maxRate: 289
lastAssocStatus: 0
    802.11 auth: open
      link auth: wpa2
          BSSID: 4:62:73:41:7e:eb
           SSID: INRIA-interne
            MCS: 8
        channel: 36
     agrCtlRSSI: -58
     agrExtRSSI: 0
    agrCtlNoise: -98
    agrExtNoise: 0
          state: running
        op mode: station 
     lastTxRate: 234
        maxRate: 289
lastAssocStatus: 0
    802.11 auth: open
      link auth: wpa2
          BSSID: 4:62:73:41:7e:eb
           SSID: INRIA-interne
            MCS: 8
        channel: 36
     agrCtlRSSI: -59
     agrExtRSSI: 0
    agrCtlNoise: -98
    agrExtNoise: 0
          state: running
        op mode: station 
     lastTxRate: 195
        maxRate: 289
lastAssocStatus: 0
    802.11 auth: open
      link auth: wpa2
          BSSID: 4:62:73:41:7e:eb
           SSID: INRIA-interne
            MCS: 7
        channel: 36
     agrCtlRSSI: -57
     agrExtRSSI: 0
    agrCtlNoise: -98
    agrExtNoise: 0
          state: running
        op mode: station 
     lastTxRate: 195
        maxRate: 289
lastAssocStatus: 0
    802.11 auth: open
      link auth: wpa2
          BSSID: 4:62:73:41:7e:eb
           SSID: INRIA-interne
            MCS: 7
        channel: 36
     agrCtlRSSI: -58
     agrExtRSSI: 0
    agrCtlNoise: -98
    agrExtNoise: 0
          state: running
        op mode: station 
     lastTxRate: 176
        maxRate: 289
lastAssocStatus: 0
    802.11 auth: open
      link auth: wpa2
          BSSID: 4:62:73:41:7e:eb
           SSID: INRIA-interne
            MCS: 6
        channel: 36
     agrCtlRSSI: -57
     agrExtRSSI: 0
    agrCtlNoise: -98
    agrExtNoise: 0
          state: running
        op mode: station 
     lastTxRate: 176
        maxRate: 289
lastAssocStatus: 0
    802.11 auth: open
      link auth: wpa2
          BSSID: 4:62:73:41:7e:eb
           SSID: INRIA-interne
            MCS: 6
        channel: 36
     agrCtlRSSI: -56
     agrExtRSSI: 0
    agrCtlNoise: -99
    agrExtNoise: 0
          state: running
        op mode: station 
     lastTxRate: 174
        maxRate: 289
lastAssocStatus: 0
    802.11 auth: open
      link auth: wpa2
          BSSID: 4:62:73:41:7e:eb
           SSID: INRIA-interne
            MCS: 8
        channel: 36
     agrCtlRSSI: -56
     agrExtRSSI: 0
    agrCtlNoise: -99
    agrExtNoise: 0
          state: running
        op mode: station 
     lastTxRate: 174
        maxRate: 289
lastAssocStatus: 0
    802.11 auth: open
      link auth: wpa2
          BSSID: 4:62:73:41:7e:eb
           SSID: INRIA-interne
            MCS: 8
        channel: 36
     agrCtlRSSI: -58
     agrExtRSSI: 0
    agrCtlNoise: -99
    agrExtNoise: 0
          state: running
        op mode: station 
     lastTxRate: 174
        maxRate: 289
lastAssocStatus: 0
    802.11 auth: open
      link auth: wpa2
          BSSID: 4:62:73:41:7e:eb
           SSID: INRIA-interne
            MCS: 8
        channel: 36
     agrCtlRSSI: -57
     agrExtRSSI: 0
    agrCtlNoise: -99
    agrExtNoise: 0
          state: running
        op mode: station 
     lastTxRate: 174
        maxRate: 289
lastAssocStatus: 0
    802.11 auth: open
      link auth: wpa2
          BSSID: 4:62:73:41:7e:eb
           SSID: INRIA-interne
            MCS: 8
        channel: 36
     agrCtlRSSI: -57
     agrExtRSSI: 0
    agrCtlNoise: -99
    agrExtNoise: 0
          state: running
        op mode: station 
     lastTxRate: 176
        maxRate: 289
lastAssocStatus: 0
    802.11 auth: open
      link auth: wpa2
          BSSID: 4:62:73:41:7e:eb
           SSID: INRIA-interne
            MCS: 6
        channel: 36
     agrCtlRSSI: -56
     agrExtRSSI: 0
    agrCtlNoise: -98
    agrExtNoise: 0
          state: running
        op mode: station 
     lastTxRate: 234
        maxRate: 289
lastAssocStatus: 0
    802.11 auth: open
      link auth: wpa2
          BSSID: 4:62:73:41:7e:eb
           SSID: INRIA-interne
            MCS: 8
        channel: 36
     agrCtlRSSI: -56
     agrExtRSSI: 0
    agrCtlNoise: -98
    agrExtNoise: 0
          state: running
        op mode: station 
     lastTxRate: 234
        maxRate: 289
lastAssocStatus: 0
    802.11 auth: open
      link auth: wpa2
          BSSID: 4:62:73:41:7e:eb
           SSID: INRIA-interne
            MCS: 8
        channel: 36
     agrCtlRSSI: -56
     agrExtRSSI: 0
    agrCtlNoise: -99
    agrExtNoise: 0
          state: running
        op mode: station 
     lastTxRate: 234
        maxRate: 289
lastAssocStatus: 0
    802.11 auth: open
      link auth: wpa2
          BSSID: 4:62:73:41:7e:eb
           SSID: INRIA-interne
            MCS: 8
        channel: 36
     agrCtlRSSI: -57
     agrExtRSSI: 0
    agrCtlNoise: -99
    agrExtNoise: 0
          state: running
        op mode: station 
     lastTxRate: 234
        maxRate: 289
lastAssocStatus: 0
    802.11 auth: open
      link auth: wpa2
          BSSID: 4:62:73:41:7e:eb
           SSID: INRIA-interne
            MCS: 8
        channel: 36
     agrCtlRSSI: -56
     agrExtRSSI: 0
    agrCtlNoise: -99
    agrExtNoise: 0
          state: running
        op mode: station 
     lastTxRate: 234
        maxRate: 289
lastAssocStatus: 0
    802.11 auth: open
      link auth: wpa2
          BSSID: 4:62:73:41:7e:eb
           SSID: INRIA-interne
            MCS: 8
        channel: 36
     agrCtlRSSI: -57
     agrExtRSSI: 0
    agrCtlNoise: -99
    agrExtNoise: 0
          state: running
        op mode: station 
     lastTxRate: 260
        maxRate: 289
lastAssocStatus: 0
    802.11 auth: open
      link auth: wpa2
          BSSID: 4:62:73:41:7e:eb
           SSID: INRIA-interne
            MCS: 9
        channel: 36
     agrCtlRSSI: -56
     agrExtRSSI: 0
    agrCtlNoise: -99
    agrExtNoise: 0
          state: running
        op mode: station 
     lastTxRate: 260
        maxRate: 289
lastAssocStatus: 0
    802.11 auth: open
      link auth: wpa2
          BSSID: 4:62:73:41:7e:eb
           SSID: INRIA-interne
            MCS: 9
        channel: 36
     agrCtlRSSI: -56
     agrExtRSSI: 0
    agrCtlNoise: -99
    agrExtNoise: 0
          state: running
        op mode: station 
     lastTxRate: 234
        maxRate: 289
lastAssocStatus: 0
    802.11 auth: open
      link auth: wpa2
          BSSID: 4:62:73:41:7e:eb
           SSID: INRIA-interne
            MCS: 8
        channel: 36
     agrCtlRSSI: -57
     agrExtRSSI: 0
    agrCtlNoise: -99
    agrExtNoise: 0
          state: running
        op mode: station 
     lastTxRate: 234
        maxRate: 289
lastAssocStatus: 0
    802.11 auth: open
      link auth: wpa2
          BSSID: 4:62:73:41:7e:eb
           SSID: INRIA-interne
            MCS: 8
        channel: 36
