     agrCtlRSSI: -59
     agrExtRSSI: 0
    agrCtlNoise: -95
    agrExtNoise: 0
          state: running
        op mode: station 
     lastTxRate: 54
        maxRate: 54
lastAssocStatus: 0
    802.11 auth: open
      link auth: none
          BSSID: 0:3a:9a:8d:62:e0
           SSID: LINCS-guest
            MCS: -1
        channel: 64
     agrCtlRSSI: -59
     agrExtRSSI: 0
    agrCtlNoise: -95
    agrExtNoise: 0
          state: running
        op mode: station 
     lastTxRate: 54
        maxRate: 54
lastAssocStatus: 0
    802.11 auth: open
      link auth: none
          BSSID: 0:3a:9a:8d:62:e0
           SSID: LINCS-guest
            MCS: -1
        channel: 64
     agrCtlRSSI: -58
     agrExtRSSI: 0
    agrCtlNoise: -95
    agrExtNoise: 0
          state: running
        op mode: station 
     lastTxRate: 54
        maxRate: 54
lastAssocStatus: 0
    802.11 auth: open
      link auth: none
          BSSID: 0:3a:9a:8d:62:e0
           SSID: LINCS-guest
            MCS: -1
        channel: 64
     agrCtlRSSI: -60
     agrExtRSSI: 0
    agrCtlNoise: -95
    agrExtNoise: 0
          state: running
        op mode: station 
     lastTxRate: 54
        maxRate: 54
lastAssocStatus: 0
    802.11 auth: open
      link auth: none
          BSSID: 0:3a:9a:8d:62:e0
           SSID: LINCS-guest
            MCS: -1
        channel: 64
     agrCtlRSSI: -60
     agrExtRSSI: 0
    agrCtlNoise: -95
    agrExtNoise: 0
          state: running
        op mode: station 
     lastTxRate: 54
        maxRate: 54
lastAssocStatus: 0
    802.11 auth: open
      link auth: none
          BSSID: 0:3a:9a:8d:62:e0
           SSID: LINCS-guest
            MCS: -1
        channel: 64
     agrCtlRSSI: -58
     agrExtRSSI: 0
    agrCtlNoise: -95
    agrExtNoise: 0
          state: running
        op mode: station 
     lastTxRate: 54
        maxRate: 54
lastAssocStatus: 0
    802.11 auth: open
      link auth: none
          BSSID: 0:3a:9a:8d:62:e0
           SSID: LINCS-guest
            MCS: -1
        channel: 64
     agrCtlRSSI: -59
     agrExtRSSI: 0
    agrCtlNoise: -95
    agrExtNoise: 0
          state: running
        op mode: station 
     lastTxRate: 54
        maxRate: 54
lastAssocStatus: 0
    802.11 auth: open
      link auth: none
          BSSID: 0:3a:9a:8d:62:e0
           SSID: LINCS-guest
            MCS: -1
        channel: 64
     agrCtlRSSI: -58
     agrExtRSSI: 0
    agrCtlNoise: -95
    agrExtNoise: 0
          state: running
        op mode: station 
     lastTxRate: 54
        maxRate: 54
lastAssocStatus: 0
    802.11 auth: open
      link auth: none
          BSSID: 0:3a:9a:8d:62:e0
           SSID: LINCS-guest
            MCS: -1
        channel: 64
     agrCtlRSSI: -60
     agrExtRSSI: 0
    agrCtlNoise: -95
    agrExtNoise: 0
          state: running
        op mode: station 
     lastTxRate: 54
        maxRate: 54
lastAssocStatus: 0
    802.11 auth: open
      link auth: none
          BSSID: 0:3a:9a:8d:62:e0
           SSID: LINCS-guest
            MCS: -1
        channel: 64
     agrCtlRSSI: -58
     agrExtRSSI: 0
    agrCtlNoise: -95
    agrExtNoise: 0
          state: running
        op mode: station 
     lastTxRate: 54
        maxRate: 54
lastAssocStatus: 0
    802.11 auth: open
      link auth: none
          BSSID: 0:3a:9a:8d:62:e0
           SSID: LINCS-guest
            MCS: -1
        channel: 64
     agrCtlRSSI: -61
     agrExtRSSI: 0
    agrCtlNoise: -95
    agrExtNoise: 0
          state: running
        op mode: station 
     lastTxRate: 54
        maxRate: 54
lastAssocStatus: 0
    802.11 auth: open
      link auth: none
          BSSID: 0:3a:9a:8d:62:e0
           SSID: LINCS-guest
            MCS: -1
        channel: 64
     agrCtlRSSI: -59
     agrExtRSSI: 0
    agrCtlNoise: -95
    agrExtNoise: 0
          state: running
        op mode: station 
     lastTxRate: 54
        maxRate: 54
lastAssocStatus: 0
    802.11 auth: open
      link auth: none
          BSSID: 0:3a:9a:8d:62:e0
           SSID: LINCS-guest
            MCS: -1
        channel: 64
     agrCtlRSSI: -59
     agrExtRSSI: 0
    agrCtlNoise: -95
    agrExtNoise: 0
          state: running
        op mode: station 
     lastTxRate: 54
        maxRate: 54
lastAssocStatus: 0
    802.11 auth: open
      link auth: none
          BSSID: 0:3a:9a:8d:62:e0
           SSID: LINCS-guest
            MCS: -1
        channel: 64
     agrCtlRSSI: -59
     agrExtRSSI: 0
    agrCtlNoise: -95
    agrExtNoise: 0
          state: running
        op mode: station 
     lastTxRate: 54
        maxRate: 54
lastAssocStatus: 0
    802.11 auth: open
      link auth: none
          BSSID: 0:3a:9a:8d:62:e0
           SSID: LINCS-guest
            MCS: -1
        channel: 64
     agrCtlRSSI: -59
     agrExtRSSI: 0
    agrCtlNoise: -95
    agrExtNoise: 0
          state: running
        op mode: station 
     lastTxRate: 54
        maxRate: 54
lastAssocStatus: 0
    802.11 auth: open
      link auth: none
          BSSID: 0:3a:9a:8d:62:e0
           SSID: LINCS-guest
            MCS: -1
        channel: 64
     agrCtlRSSI: -61
     agrExtRSSI: 0
    agrCtlNoise: -95
    agrExtNoise: 0
          state: running
        op mode: station 
     lastTxRate: 54
        maxRate: 54
lastAssocStatus: 0
    802.11 auth: open
      link auth: none
          BSSID: 0:3a:9a:8d:62:e0
           SSID: LINCS-guest
            MCS: -1
        channel: 64
     agrCtlRSSI: -60
     agrExtRSSI: 0
    agrCtlNoise: -95
    agrExtNoise: 0
          state: running
        op mode: station 
     lastTxRate: 54
        maxRate: 54
lastAssocStatus: 0
    802.11 auth: open
      link auth: none
          BSSID: 0:3a:9a:8d:62:e0
           SSID: LINCS-guest
            MCS: -1
        channel: 64
     agrCtlRSSI: -60
     agrExtRSSI: 0
    agrCtlNoise: -95
    agrExtNoise: 0
          state: running
        op mode: station 
     lastTxRate: 54
        maxRate: 54
lastAssocStatus: 0
    802.11 auth: open
      link auth: none
          BSSID: 0:3a:9a:8d:62:e0
           SSID: LINCS-guest
            MCS: -1
        channel: 64
     agrCtlRSSI: -59
     agrExtRSSI: 0
    agrCtlNoise: -95
    agrExtNoise: 0
          state: running
        op mode: station 
     lastTxRate: 54
        maxRate: 54
lastAssocStatus: 0
    802.11 auth: open
      link auth: none
          BSSID: 0:3a:9a:8d:62:e0
           SSID: LINCS-guest
            MCS: -1
        channel: 64
     agrCtlRSSI: -58
     agrExtRSSI: 0
    agrCtlNoise: -95
    agrExtNoise: 0
          state: running
        op mode: station 
     lastTxRate: 54
        maxRate: 54
lastAssocStatus: 0
    802.11 auth: open
      link auth: none
          BSSID: 0:3a:9a:8d:62:e0
           SSID: LINCS-guest
            MCS: -1
        channel: 64
     agrCtlRSSI: -59
     agrExtRSSI: 0
    agrCtlNoise: -95
    agrExtNoise: 0
          state: running
        op mode: station 
     lastTxRate: 54
        maxRate: 54
lastAssocStatus: 0
    802.11 auth: open
      link auth: none
          BSSID: 0:3a:9a:8d:62:e0
           SSID: LINCS-guest
            MCS: -1
        channel: 64
     agrCtlRSSI: -59
     agrExtRSSI: 0
    agrCtlNoise: -95
    agrExtNoise: 0
          state: running
        op mode: station 
     lastTxRate: 54
        maxRate: 54
lastAssocStatus: 0
    802.11 auth: open
      link auth: none
          BSSID: 0:3a:9a:8d:62:e0
           SSID: LINCS-guest
            MCS: -1
        channel: 64
     agrCtlRSSI: -60
     agrExtRSSI: 0
    agrCtlNoise: -95
    agrExtNoise: 0
          state: running
        op mode: station 
     lastTxRate: 54
        maxRate: 54
lastAssocStatus: 0
    802.11 auth: open
      link auth: none
          BSSID: 0:3a:9a:8d:62:e0
           SSID: LINCS-guest
            MCS: -1
        channel: 64
     agrCtlRSSI: -60
     agrExtRSSI: 0
    agrCtlNoise: -95
    agrExtNoise: 0
          state: running
        op mode: station 
     lastTxRate: 54
        maxRate: 54
lastAssocStatus: 0
    802.11 auth: open
      link auth: none
          BSSID: 0:3a:9a:8d:62:e0
           SSID: LINCS-guest
            MCS: -1
        channel: 64
     agrCtlRSSI: -61
     agrExtRSSI: 0
    agrCtlNoise: -95
    agrExtNoise: 0
          state: running
        op mode: station 
     lastTxRate: 54
        maxRate: 54
lastAssocStatus: 0
    802.11 auth: open
      link auth: none
          BSSID: 0:3a:9a:8d:62:e0
           SSID: LINCS-guest
            MCS: -1
        channel: 64
     agrCtlRSSI: -60
     agrExtRSSI: 0
    agrCtlNoise: -95
    agrExtNoise: 0
          state: running
        op mode: station 
     lastTxRate: 54
        maxRate: 54
lastAssocStatus: 0
    802.11 auth: open
      link auth: none
          BSSID: 0:3a:9a:8d:62:e0
           SSID: LINCS-guest
            MCS: -1
        channel: 64
     agrCtlRSSI: -61
     agrExtRSSI: 0
    agrCtlNoise: -95
    agrExtNoise: 0
          state: running
        op mode: station 
     lastTxRate: 54
        maxRate: 54
lastAssocStatus: 0
    802.11 auth: open
      link auth: none
          BSSID: 0:3a:9a:8d:62:e0
           SSID: LINCS-guest
            MCS: -1
        channel: 64
     agrCtlRSSI: -60
     agrExtRSSI: 0
    agrCtlNoise: -95
    agrExtNoise: 0
          state: running
        op mode: station 
     lastTxRate: 54
        maxRate: 54
lastAssocStatus: 0
    802.11 auth: open
      link auth: none
          BSSID: 0:3a:9a:8d:62:e0
           SSID: LINCS-guest
            MCS: -1
        channel: 64
     agrCtlRSSI: -61
     agrExtRSSI: 0
    agrCtlNoise: -95
    agrExtNoise: 0
          state: running
        op mode: station 
     lastTxRate: 54
        maxRate: 54
lastAssocStatus: 0
    802.11 auth: open
      link auth: none
          BSSID: 0:3a:9a:8d:62:e0
           SSID: LINCS-guest
            MCS: -1
        channel: 64
     agrCtlRSSI: -60
     agrExtRSSI: 0
    agrCtlNoise: -95
    agrExtNoise: 0
          state: running
        op mode: station 
     lastTxRate: 54
        maxRate: 54
lastAssocStatus: 0
    802.11 auth: open
      link auth: none
          BSSID: 0:3a:9a:8d:62:e0
           SSID: LINCS-guest
            MCS: -1
        channel: 64
     agrCtlRSSI: -61
     agrExtRSSI: 0
    agrCtlNoise: -95
    agrExtNoise: 0
          state: running
        op mode: station 
     lastTxRate: 54
        maxRate: 54
lastAssocStatus: 0
    802.11 auth: open
      link auth: none
          BSSID: 0:3a:9a:8d:62:e0
           SSID: LINCS-guest
            MCS: -1
        channel: 64
     agrCtlRSSI: -58
     agrExtRSSI: 0
    agrCtlNoise: -95
    agrExtNoise: 0
          state: running
        op mode: station 
     lastTxRate: 54
        maxRate: 54
lastAssocStatus: 0
    802.11 auth: open
      link auth: none
          BSSID: 0:3a:9a:8d:62:e0
           SSID: LINCS-guest
            MCS: -1
        channel: 64
     agrCtlRSSI: -59
     agrExtRSSI: 0
    agrCtlNoise: -95
    agrExtNoise: 0
          state: running
        op mode: station 
     lastTxRate: 54
        maxRate: 54
lastAssocStatus: 0
    802.11 auth: open
      link auth: none
          BSSID: 0:3a:9a:8d:62:e0
           SSID: LINCS-guest
            MCS: -1
        channel: 64
     agrCtlRSSI: -60
     agrExtRSSI: 0
    agrCtlNoise: -95
    agrExtNoise: 0
          state: running
        op mode: station 
     lastTxRate: 54
        maxRate: 54
lastAssocStatus: 0
    802.11 auth: open
      link auth: none
          BSSID: 0:3a:9a:8d:62:e0
           SSID: LINCS-guest
            MCS: -1
        channel: 64
     agrCtlRSSI: -60
     agrExtRSSI: 0
    agrCtlNoise: -95
    agrExtNoise: 0
          state: running
        op mode: station 
     lastTxRate: 48
        maxRate: 54
lastAssocStatus: 0
    802.11 auth: open
      link auth: none
          BSSID: 0:3a:9a:8d:62:e0
           SSID: LINCS-guest
            MCS: -1
        channel: 64
     agrCtlRSSI: -59
     agrExtRSSI: 0
    agrCtlNoise: -95
    agrExtNoise: 0
          state: running
        op mode: station 
     lastTxRate: 54
        maxRate: 54
lastAssocStatus: 0
    802.11 auth: open
      link auth: none
          BSSID: 0:3a:9a:8d:62:e0
           SSID: LINCS-guest
            MCS: -1
        channel: 64
     agrCtlRSSI: -61
     agrExtRSSI: 0
    agrCtlNoise: -95
    agrExtNoise: 0
          state: running
        op mode: station 
     lastTxRate: 54
        maxRate: 54
lastAssocStatus: 0
    802.11 auth: open
      link auth: none
          BSSID: 0:3a:9a:8d:62:e0
           SSID: LINCS-guest
            MCS: -1
        channel: 64
     agrCtlRSSI: -59
     agrExtRSSI: 0
    agrCtlNoise: -95
    agrExtNoise: 0
          state: running
        op mode: station 
     lastTxRate: 54
        maxRate: 54
lastAssocStatus: 0
    802.11 auth: open
      link auth: none
          BSSID: 0:3a:9a:8d:62:e0
           SSID: LINCS-guest
            MCS: -1
        channel: 64
     agrCtlRSSI: -62
     agrExtRSSI: 0
    agrCtlNoise: -95
    agrExtNoise: 0
          state: running
        op mode: station 
     lastTxRate: 54
        maxRate: 54
lastAssocStatus: 0
    802.11 auth: open
      link auth: none
          BSSID: 0:3a:9a:8d:62:e0
           SSID: LINCS-guest
            MCS: -1
        channel: 64
     agrCtlRSSI: -59
     agrExtRSSI: 0
    agrCtlNoise: -95
    agrExtNoise: 0
          state: running
        op mode: station 
     lastTxRate: 54
        maxRate: 54
lastAssocStatus: 0
    802.11 auth: open
      link auth: none
          BSSID: 0:3a:9a:8d:62:e0
           SSID: LINCS-guest
            MCS: -1
        channel: 64
     agrCtlRSSI: -57
     agrExtRSSI: 0
    agrCtlNoise: -95
    agrExtNoise: 0
          state: running
        op mode: station 
     lastTxRate: 54
        maxRate: 54
lastAssocStatus: 0
    802.11 auth: open
      link auth: none
          BSSID: 0:3a:9a:8d:62:e0
           SSID: LINCS-guest
            MCS: -1
        channel: 64
