     agrCtlRSSI: -62
     agrExtRSSI: 0
    agrCtlNoise: -95
    agrExtNoise: 0
          state: running
        op mode: station 
     lastTxRate: 174
        maxRate: 289
lastAssocStatus: 0
    802.11 auth: open
      link auth: wpa2
          BSSID: 84:b2:61:3f:c4:df
           SSID: eduroam
            MCS: 8
        channel: 60
     agrCtlRSSI: -62
     agrExtRSSI: 0
    agrCtlNoise: -95
    agrExtNoise: 0
          state: running
        op mode: station 
     lastTxRate: 174
        maxRate: 289
lastAssocStatus: 0
    802.11 auth: open
      link auth: wpa2
          BSSID: 84:b2:61:3f:c4:df
           SSID: eduroam
            MCS: 8
        channel: 60
     agrCtlRSSI: -63
     agrExtRSSI: 0
    agrCtlNoise: -95
    agrExtNoise: 0
          state: running
        op mode: station 
     lastTxRate: 174
        maxRate: 289
lastAssocStatus: 0
    802.11 auth: open
      link auth: wpa2
          BSSID: 84:b2:61:3f:c4:df
           SSID: eduroam
            MCS: 8
        channel: 60
     agrCtlRSSI: -61
     agrExtRSSI: 0
    agrCtlNoise: -96
    agrExtNoise: 0
          state: running
        op mode: station 
     lastTxRate: 174
        maxRate: 289
lastAssocStatus: 0
    802.11 auth: open
      link auth: wpa2
          BSSID: 84:b2:61:3f:c4:df
           SSID: eduroam
            MCS: 8
        channel: 60
     agrCtlRSSI: -59
     agrExtRSSI: 0
    agrCtlNoise: -95
    agrExtNoise: 0
          state: running
        op mode: station 
     lastTxRate: 174
        maxRate: 289
lastAssocStatus: 0
    802.11 auth: open
      link auth: wpa2
          BSSID: 84:b2:61:3f:c4:df
           SSID: eduroam
            MCS: 8
        channel: 60
     agrCtlRSSI: -61
     agrExtRSSI: 0
    agrCtlNoise: -95
    agrExtNoise: 0
          state: running
        op mode: station 
     lastTxRate: 174
        maxRate: 289
lastAssocStatus: 0
    802.11 auth: open
      link auth: wpa2
          BSSID: 84:b2:61:3f:c4:df
           SSID: eduroam
            MCS: 8
        channel: 60
     agrCtlRSSI: -61
     agrExtRSSI: 0
    agrCtlNoise: -95
    agrExtNoise: 0
          state: running
        op mode: station 
     lastTxRate: 174
        maxRate: 289
lastAssocStatus: 0
    802.11 auth: open
      link auth: wpa2
          BSSID: 84:b2:61:3f:c4:df
           SSID: eduroam
            MCS: 8
        channel: 60
     agrCtlRSSI: -61
     agrExtRSSI: 0
    agrCtlNoise: -95
    agrExtNoise: 0
          state: running
        op mode: station 
     lastTxRate: 174
        maxRate: 289
lastAssocStatus: 0
    802.11 auth: open
      link auth: wpa2
          BSSID: 84:b2:61:3f:c4:df
           SSID: eduroam
            MCS: 8
        channel: 60
     agrCtlRSSI: -63
     agrExtRSSI: 0
    agrCtlNoise: -95
    agrExtNoise: 0
          state: running
        op mode: station 
     lastTxRate: 174
        maxRate: 289
lastAssocStatus: 0
    802.11 auth: open
      link auth: wpa2
          BSSID: 84:b2:61:3f:c4:df
           SSID: eduroam
            MCS: 8
        channel: 60
     agrCtlRSSI: -60
     agrExtRSSI: 0
    agrCtlNoise: -95
    agrExtNoise: 0
          state: running
        op mode: station 
     lastTxRate: 174
        maxRate: 289
lastAssocStatus: 0
    802.11 auth: open
      link auth: wpa2
          BSSID: 84:b2:61:3f:c4:df
           SSID: eduroam
            MCS: 8
        channel: 60
     agrCtlRSSI: -61
     agrExtRSSI: 0
    agrCtlNoise: -95
    agrExtNoise: 0
          state: running
        op mode: station 
     lastTxRate: 174
        maxRate: 289
lastAssocStatus: 0
    802.11 auth: open
      link auth: wpa2
          BSSID: 84:b2:61:3f:c4:df
           SSID: eduroam
            MCS: 8
        channel: 60
     agrCtlRSSI: -61
     agrExtRSSI: 0
    agrCtlNoise: -95
    agrExtNoise: 0
          state: running
        op mode: station 
     lastTxRate: 174
        maxRate: 289
lastAssocStatus: 0
    802.11 auth: open
      link auth: wpa2
          BSSID: 84:b2:61:3f:c4:df
           SSID: eduroam
            MCS: 8
        channel: 60
     agrCtlRSSI: -61
     agrExtRSSI: 0
    agrCtlNoise: -95
    agrExtNoise: 0
          state: running
        op mode: station 
     lastTxRate: 174
        maxRate: 289
lastAssocStatus: 0
    802.11 auth: open
      link auth: wpa2
          BSSID: 84:b2:61:3f:c4:df
           SSID: eduroam
            MCS: 8
        channel: 60
     agrCtlRSSI: -61
     agrExtRSSI: 0
    agrCtlNoise: -95
    agrExtNoise: 0
          state: running
        op mode: station 
     lastTxRate: 174
        maxRate: 289
lastAssocStatus: 0
    802.11 auth: open
      link auth: wpa2
          BSSID: 84:b2:61:3f:c4:df
           SSID: eduroam
            MCS: 8
        channel: 60
     agrCtlRSSI: -61
     agrExtRSSI: 0
    agrCtlNoise: -95
    agrExtNoise: 0
          state: running
        op mode: station 
     lastTxRate: 87
        maxRate: 289
lastAssocStatus: 0
    802.11 auth: open
      link auth: wpa2
          BSSID: 84:b2:61:3f:c4:df
           SSID: eduroam
            MCS: 8
        channel: 60
     agrCtlRSSI: -61
     agrExtRSSI: 0
    agrCtlNoise: -95
    agrExtNoise: 0
          state: running
        op mode: station 
     lastTxRate: 87
        maxRate: 289
lastAssocStatus: 0
    802.11 auth: open
      link auth: wpa2
          BSSID: 84:b2:61:3f:c4:df
           SSID: eduroam
            MCS: 8
        channel: 60
     agrCtlRSSI: -61
     agrExtRSSI: 0
    agrCtlNoise: -95
    agrExtNoise: 0
          state: running
        op mode: station 
     lastTxRate: 174
        maxRate: 289
lastAssocStatus: 0
    802.11 auth: open
      link auth: wpa2
          BSSID: 84:b2:61:3f:c4:df
           SSID: eduroam
            MCS: 8
        channel: 60
     agrCtlRSSI: -61
     agrExtRSSI: 0
    agrCtlNoise: -95
    agrExtNoise: 0
          state: running
        op mode: station 
     lastTxRate: 174
        maxRate: 289
lastAssocStatus: 0
    802.11 auth: open
      link auth: wpa2
          BSSID: 84:b2:61:3f:c4:df
           SSID: eduroam
            MCS: 8
        channel: 60
     agrCtlRSSI: -61
     agrExtRSSI: 0
    agrCtlNoise: -95
    agrExtNoise: 0
          state: running
        op mode: station 
     lastTxRate: 174
        maxRate: 289
lastAssocStatus: 0
    802.11 auth: open
      link auth: wpa2
          BSSID: 84:b2:61:3f:c4:df
           SSID: eduroam
            MCS: 8
        channel: 60
     agrCtlRSSI: -62
     agrExtRSSI: 0
    agrCtlNoise: -95
    agrExtNoise: 0
          state: running
        op mode: station 
     lastTxRate: 78
        maxRate: 289
lastAssocStatus: 0
    802.11 auth: open
      link auth: wpa2
          BSSID: 84:b2:61:3f:c4:df
           SSID: eduroam
            MCS: 8
        channel: 60
     agrCtlRSSI: -60
     agrExtRSSI: 0
    agrCtlNoise: -95
    agrExtNoise: 0
          state: running
        op mode: station 
     lastTxRate: 87
        maxRate: 289
lastAssocStatus: 0
    802.11 auth: open
      link auth: wpa2
          BSSID: 84:b2:61:3f:c4:df
           SSID: eduroam
            MCS: 8
        channel: 60
     agrCtlRSSI: -57
     agrExtRSSI: 0
    agrCtlNoise: -95
    agrExtNoise: 0
          state: running
        op mode: station 
     lastTxRate: 87
        maxRate: 289
lastAssocStatus: 0
    802.11 auth: open
      link auth: wpa2
          BSSID: 84:b2:61:3f:c4:df
           SSID: eduroam
            MCS: 8
        channel: 60
     agrCtlRSSI: -62
     agrExtRSSI: 0
    agrCtlNoise: -95
    agrExtNoise: 0
          state: running
        op mode: station 
     lastTxRate: 87
        maxRate: 289
lastAssocStatus: 0
    802.11 auth: open
      link auth: wpa2
          BSSID: 84:b2:61:3f:c4:df
           SSID: eduroam
            MCS: 8
        channel: 60
     agrCtlRSSI: -62
     agrExtRSSI: 0
    agrCtlNoise: -95
    agrExtNoise: 0
          state: running
        op mode: station 
     lastTxRate: 87
        maxRate: 289
lastAssocStatus: 0
    802.11 auth: open
      link auth: wpa2
          BSSID: 84:b2:61:3f:c4:df
           SSID: eduroam
            MCS: 8
        channel: 60
     agrCtlRSSI: -63
     agrExtRSSI: 0
    agrCtlNoise: -96
    agrExtNoise: 0
          state: running
        op mode: station 
     lastTxRate: 87
        maxRate: 289
lastAssocStatus: 0
    802.11 auth: open
      link auth: wpa2
          BSSID: 84:b2:61:3f:c4:df
           SSID: eduroam
            MCS: 8
        channel: 60
     agrCtlRSSI: -61
     agrExtRSSI: 0
    agrCtlNoise: -95
    agrExtNoise: 0
          state: running
        op mode: station 
     lastTxRate: 87
        maxRate: 289
lastAssocStatus: 0
    802.11 auth: open
      link auth: wpa2
          BSSID: 84:b2:61:3f:c4:df
           SSID: eduroam
            MCS: 8
        channel: 60
     agrCtlRSSI: -60
     agrExtRSSI: 0
    agrCtlNoise: -95
    agrExtNoise: 0
          state: running
        op mode: station 
     lastTxRate: 87
        maxRate: 289
lastAssocStatus: 0
    802.11 auth: open
      link auth: wpa2
          BSSID: 84:b2:61:3f:c4:df
           SSID: eduroam
            MCS: 8
        channel: 60
     agrCtlRSSI: -61
     agrExtRSSI: 0
    agrCtlNoise: -95
    agrExtNoise: 0
          state: running
        op mode: station 
     lastTxRate: 87
        maxRate: 289
lastAssocStatus: 0
    802.11 auth: open
      link auth: wpa2
          BSSID: 84:b2:61:3f:c4:df
           SSID: eduroam
            MCS: 8
        channel: 60
     agrCtlRSSI: -62
     agrExtRSSI: 0
    agrCtlNoise: -95
    agrExtNoise: 0
          state: running
        op mode: station 
     lastTxRate: 87
        maxRate: 289
lastAssocStatus: 0
    802.11 auth: open
      link auth: wpa2
          BSSID: 84:b2:61:3f:c4:df
           SSID: eduroam
            MCS: 8
        channel: 60
     agrCtlRSSI: -60
     agrExtRSSI: 0
    agrCtlNoise: -96
    agrExtNoise: 0
          state: running
        op mode: station 
     lastTxRate: 87
        maxRate: 289
lastAssocStatus: 0
    802.11 auth: open
      link auth: wpa2
          BSSID: 84:b2:61:3f:c4:df
           SSID: eduroam
            MCS: 8
        channel: 60
     agrCtlRSSI: -60
     agrExtRSSI: 0
    agrCtlNoise: -96
    agrExtNoise: 0
          state: running
        op mode: station 
     lastTxRate: 87
        maxRate: 289
lastAssocStatus: 0
    802.11 auth: open
      link auth: wpa2
          BSSID: 84:b2:61:3f:c4:df
           SSID: eduroam
            MCS: 8
        channel: 60
     agrCtlRSSI: -62
     agrExtRSSI: 0
    agrCtlNoise: -95
    agrExtNoise: 0
          state: running
        op mode: station 
     lastTxRate: 78
        maxRate: 289
lastAssocStatus: 0
    802.11 auth: open
      link auth: wpa2
          BSSID: 84:b2:61:3f:c4:df
           SSID: eduroam
            MCS: 8
        channel: 60
     agrCtlRSSI: -61
     agrExtRSSI: 0
    agrCtlNoise: -95
    agrExtNoise: 0
          state: running
        op mode: station 
     lastTxRate: 87
        maxRate: 289
lastAssocStatus: 0
    802.11 auth: open
      link auth: wpa2
          BSSID: 84:b2:61:3f:c4:df
           SSID: eduroam
            MCS: 8
        channel: 60
     agrCtlRSSI: -62
     agrExtRSSI: 0
    agrCtlNoise: -95
    agrExtNoise: 0
          state: running
        op mode: station 
     lastTxRate: 87
        maxRate: 289
lastAssocStatus: 0
    802.11 auth: open
      link auth: wpa2
          BSSID: 84:b2:61:3f:c4:df
           SSID: eduroam
            MCS: 8
        channel: 60
     agrCtlRSSI: -61
     agrExtRSSI: 0
    agrCtlNoise: -95
    agrExtNoise: 0
          state: running
        op mode: station 
     lastTxRate: 78
        maxRate: 289
lastAssocStatus: 0
    802.11 auth: open
      link auth: wpa2
          BSSID: 84:b2:61:3f:c4:df
           SSID: eduroam
            MCS: 4
        channel: 60
     agrCtlRSSI: -61
     agrExtRSSI: 0
    agrCtlNoise: -95
    agrExtNoise: 0
          state: running
        op mode: station 
     lastTxRate: 52
        maxRate: 289
lastAssocStatus: 0
    802.11 auth: open
      link auth: wpa2
          BSSID: 84:b2:61:3f:c4:df
           SSID: eduroam
            MCS: 5
        channel: 60
     agrCtlRSSI: -61
     agrExtRSSI: 0
    agrCtlNoise: -95
    agrExtNoise: 0
          state: running
        op mode: station 
     lastTxRate: 87
        maxRate: 289
lastAssocStatus: 0
    802.11 auth: open
      link auth: wpa2
          BSSID: 84:b2:61:3f:c4:df
           SSID: eduroam
            MCS: 8
        channel: 60
     agrCtlRSSI: -61
     agrExtRSSI: 0
    agrCtlNoise: -95
    agrExtNoise: 0
          state: running
        op mode: station 
     lastTxRate: 87
        maxRate: 289
lastAssocStatus: 0
    802.11 auth: open
      link auth: wpa2
          BSSID: 84:b2:61:3f:c4:df
           SSID: eduroam
            MCS: 8
        channel: 60
     agrCtlRSSI: -60
     agrExtRSSI: 0
    agrCtlNoise: -95
    agrExtNoise: 0
          state: running
        op mode: station 
     lastTxRate: 87
        maxRate: 289
lastAssocStatus: 0
    802.11 auth: open
      link auth: wpa2
          BSSID: 84:b2:61:3f:c4:df
           SSID: eduroam
            MCS: 8
        channel: 60
     agrCtlRSSI: -61
     agrExtRSSI: 0
    agrCtlNoise: -95
    agrExtNoise: 0
          state: running
        op mode: station 
     lastTxRate: 87
        maxRate: 289
lastAssocStatus: 0
    802.11 auth: open
      link auth: wpa2
          BSSID: 84:b2:61:3f:c4:df
           SSID: eduroam
            MCS: 8
        channel: 60
     agrCtlRSSI: -61
     agrExtRSSI: 0
    agrCtlNoise: -95
    agrExtNoise: 0
          state: running
        op mode: station 
     lastTxRate: 87
        maxRate: 289
lastAssocStatus: 0
    802.11 auth: open
      link auth: wpa2
          BSSID: 84:b2:61:3f:c4:df
           SSID: eduroam
            MCS: 8
        channel: 60
